2019-10-13 4:59:44 - PHP Notice:  Undefined index: help_upload in D:\proj\opencart2\admin\view\template\extension\module\exchange1c.tpl on line 952
2019-10-13 4:59:44 - PHP Notice:  Undefined index: help_download_orders in D:\proj\opencart2\admin\view\template\extension\module\exchange1c.tpl on line 966
2019-10-13 4:59:44 - PHP Notice:  Undefined index: button_download_orders in D:\proj\opencart2\admin\view\template\extension\module\exchange1c.tpl on line 968
2019-10-13 6:44:44 - PHP Notice:  Undefined variable: currency in D:\proj\opencart2\catalog\view\theme\default\template\common\footer.tpl on line 45
2019-10-13 6:44:44 - PHP Notice:  Undefined variable: language in D:\proj\opencart2\catalog\view\theme\default\template\common\footer.tpl on line 46
2019-10-13 6:44:44 - PHP Notice:  Undefined variable: telephone in D:\proj\opencart2\catalog\view\theme\default\template\common\footer.tpl on line 49
2019-10-13 6:44:44 - PHP Notice:  Undefined variable: logged in D:\proj\opencart2\catalog\view\theme\default\template\common\footer.tpl on line 52
2019-10-13 6:44:44 - PHP Notice:  Undefined variable: register in D:\proj\opencart2\catalog\view\theme\default\template\common\footer.tpl on line 59
2019-10-13 6:44:44 - PHP Notice:  Undefined variable: text_register in D:\proj\opencart2\catalog\view\theme\default\template\common\footer.tpl on line 59
2019-10-13 6:44:44 - PHP Notice:  Undefined variable: login in D:\proj\opencart2\catalog\view\theme\default\template\common\footer.tpl on line 60
2019-10-13 6:44:44 - PHP Notice:  Undefined variable: text_login in D:\proj\opencart2\catalog\view\theme\default\template\common\footer.tpl on line 60
2019-10-13 6:44:44 - PHP Notice:  Undefined variable: shopping_cart in D:\proj\opencart2\catalog\view\theme\default\template\common\footer.tpl on line 66
2019-10-13 6:44:44 - PHP Notice:  Undefined variable: text_shopping_cart in D:\proj\opencart2\catalog\view\theme\default\template\common\footer.tpl on line 66
2019-10-13 6:44:44 - PHP Notice:  Undefined variable: text_shopping_cart in D:\proj\opencart2\catalog\view\theme\default\template\common\footer.tpl on line 66
2019-10-13 6:44:44 - PHP Notice:  Undefined variable: checkout in D:\proj\opencart2\catalog\view\theme\default\template\common\footer.tpl on line 67
2019-10-13 6:44:44 - PHP Notice:  Undefined variable: text_checkout in D:\proj\opencart2\catalog\view\theme\default\template\common\footer.tpl on line 67
2019-10-13 6:44:44 - PHP Notice:  Undefined variable: text_checkout in D:\proj\opencart2\catalog\view\theme\default\template\common\footer.tpl on line 67
2019-10-13 6:45:55 - PHP Notice:  Undefined variable: logo in D:\proj\opencart2\catalog\view\theme\default\template\common\footer.tpl on line 47
2019-10-13 6:45:55 - PHP Notice:  Undefined variable: name in D:\proj\opencart2\catalog\view\theme\default\template\common\footer.tpl on line 47
2019-10-13 6:45:55 - PHP Notice:  Undefined variable: name in D:\proj\opencart2\catalog\view\theme\default\template\common\footer.tpl on line 47
2019-10-13 6:45:55 - PHP Notice:  Undefined variable: logged in D:\proj\opencart2\catalog\view\theme\default\template\common\footer.tpl on line 50
2019-10-13 6:45:55 - PHP Notice:  Undefined variable: register in D:\proj\opencart2\catalog\view\theme\default\template\common\footer.tpl on line 57
2019-10-13 6:45:55 - PHP Notice:  Undefined variable: text_register in D:\proj\opencart2\catalog\view\theme\default\template\common\footer.tpl on line 57
2019-10-13 6:45:55 - PHP Notice:  Undefined variable: login in D:\proj\opencart2\catalog\view\theme\default\template\common\footer.tpl on line 58
2019-10-13 6:45:55 - PHP Notice:  Undefined variable: text_login in D:\proj\opencart2\catalog\view\theme\default\template\common\footer.tpl on line 58
2019-10-13 6:45:55 - PHP Notice:  Undefined variable: shopping_cart in D:\proj\opencart2\catalog\view\theme\default\template\common\footer.tpl on line 64
2019-10-13 6:45:55 - PHP Notice:  Undefined variable: text_shopping_cart in D:\proj\opencart2\catalog\view\theme\default\template\common\footer.tpl on line 64
2019-10-13 6:45:55 - PHP Notice:  Undefined variable: text_shopping_cart in D:\proj\opencart2\catalog\view\theme\default\template\common\footer.tpl on line 64
2019-10-13 6:45:55 - PHP Notice:  Undefined variable: checkout in D:\proj\opencart2\catalog\view\theme\default\template\common\footer.tpl on line 65
2019-10-13 6:45:55 - PHP Notice:  Undefined variable: text_checkout in D:\proj\opencart2\catalog\view\theme\default\template\common\footer.tpl on line 65
2019-10-13 6:45:55 - PHP Notice:  Undefined variable: text_checkout in D:\proj\opencart2\catalog\view\theme\default\template\common\footer.tpl on line 65
2019-10-13 6:47:04 - PHP Notice:  Undefined variable: logo in D:\proj\opencart2\catalog\view\theme\default\template\common\footer.tpl on line 47
2019-10-13 6:47:04 - PHP Notice:  Undefined variable: name in D:\proj\opencart2\catalog\view\theme\default\template\common\footer.tpl on line 47
2019-10-13 6:47:04 - PHP Notice:  Undefined variable: name in D:\proj\opencart2\catalog\view\theme\default\template\common\footer.tpl on line 47
2019-10-13 6:47:04 - PHP Notice:  Undefined variable: logged in D:\proj\opencart2\catalog\view\theme\default\template\common\footer.tpl on line 50
2019-10-13 6:47:04 - PHP Notice:  Undefined variable: register in D:\proj\opencart2\catalog\view\theme\default\template\common\footer.tpl on line 57
2019-10-13 6:47:04 - PHP Notice:  Undefined variable: text_register in D:\proj\opencart2\catalog\view\theme\default\template\common\footer.tpl on line 57
2019-10-13 6:47:04 - PHP Notice:  Undefined variable: login in D:\proj\opencart2\catalog\view\theme\default\template\common\footer.tpl on line 58
2019-10-13 6:47:04 - PHP Notice:  Undefined variable: text_login in D:\proj\opencart2\catalog\view\theme\default\template\common\footer.tpl on line 58
2019-10-13 6:47:04 - PHP Notice:  Undefined variable: shopping_cart in D:\proj\opencart2\catalog\view\theme\default\template\common\footer.tpl on line 64
2019-10-13 6:47:04 - PHP Notice:  Undefined variable: text_shopping_cart in D:\proj\opencart2\catalog\view\theme\default\template\common\footer.tpl on line 64
2019-10-13 6:47:04 - PHP Notice:  Undefined variable: text_shopping_cart in D:\proj\opencart2\catalog\view\theme\default\template\common\footer.tpl on line 64
2019-10-13 6:47:04 - PHP Notice:  Undefined variable: checkout in D:\proj\opencart2\catalog\view\theme\default\template\common\footer.tpl on line 65
2019-10-13 6:47:04 - PHP Notice:  Undefined variable: text_checkout in D:\proj\opencart2\catalog\view\theme\default\template\common\footer.tpl on line 65
2019-10-13 6:47:04 - PHP Notice:  Undefined variable: text_checkout in D:\proj\opencart2\catalog\view\theme\default\template\common\footer.tpl on line 65
2019-10-13 6:50:34 - PHP Notice:  Undefined variable: logo in D:\proj\opencart2\catalog\view\theme\default\template\common\footer.tpl on line 51
2019-10-13 6:50:34 - PHP Notice:  Undefined variable: name in D:\proj\opencart2\catalog\view\theme\default\template\common\footer.tpl on line 51
2019-10-13 6:50:34 - PHP Notice:  Undefined variable: name in D:\proj\opencart2\catalog\view\theme\default\template\common\footer.tpl on line 51
2019-10-13 6:50:34 - PHP Notice:  Undefined variable: logged in D:\proj\opencart2\catalog\view\theme\default\template\common\footer.tpl on line 54
2019-10-13 6:50:34 - PHP Notice:  Undefined variable: register in D:\proj\opencart2\catalog\view\theme\default\template\common\footer.tpl on line 61
2019-10-13 6:50:34 - PHP Notice:  Undefined variable: text_register in D:\proj\opencart2\catalog\view\theme\default\template\common\footer.tpl on line 61
2019-10-13 6:50:34 - PHP Notice:  Undefined variable: login in D:\proj\opencart2\catalog\view\theme\default\template\common\footer.tpl on line 62
2019-10-13 6:50:34 - PHP Notice:  Undefined variable: text_login in D:\proj\opencart2\catalog\view\theme\default\template\common\footer.tpl on line 62
2019-10-13 6:50:34 - PHP Notice:  Undefined variable: shopping_cart in D:\proj\opencart2\catalog\view\theme\default\template\common\footer.tpl on line 68
2019-10-13 6:50:34 - PHP Notice:  Undefined variable: text_shopping_cart in D:\proj\opencart2\catalog\view\theme\default\template\common\footer.tpl on line 68
2019-10-13 6:50:34 - PHP Notice:  Undefined variable: text_shopping_cart in D:\proj\opencart2\catalog\view\theme\default\template\common\footer.tpl on line 68
2019-10-13 6:50:34 - PHP Notice:  Undefined variable: checkout in D:\proj\opencart2\catalog\view\theme\default\template\common\footer.tpl on line 69
2019-10-13 6:50:34 - PHP Notice:  Undefined variable: text_checkout in D:\proj\opencart2\catalog\view\theme\default\template\common\footer.tpl on line 69
2019-10-13 6:50:34 - PHP Notice:  Undefined variable: text_checkout in D:\proj\opencart2\catalog\view\theme\default\template\common\footer.tpl on line 69
2019-10-13 6:52:14 - PHP Notice:  Undefined variable: name in D:\proj\opencart2\catalog\view\theme\default\template\common\footer.tpl on line 4
2019-10-13 6:52:14 - PHP Notice:  Undefined variable: name in D:\proj\opencart2\catalog\view\theme\default\template\common\footer.tpl on line 4
2019-10-13 6:52:14 - PHP Notice:  Undefined variable: name in D:\proj\opencart2\catalog\view\theme\default\template\common\footer.tpl on line 51
2019-10-13 6:52:14 - PHP Notice:  Undefined variable: name in D:\proj\opencart2\catalog\view\theme\default\template\common\footer.tpl on line 51
2019-10-13 6:52:14 - PHP Notice:  Undefined variable: logged in D:\proj\opencart2\catalog\view\theme\default\template\common\footer.tpl on line 54
2019-10-13 6:52:14 - PHP Notice:  Undefined variable: register in D:\proj\opencart2\catalog\view\theme\default\template\common\footer.tpl on line 61
2019-10-13 6:52:14 - PHP Notice:  Undefined variable: text_register in D:\proj\opencart2\catalog\view\theme\default\template\common\footer.tpl on line 61
2019-10-13 6:52:14 - PHP Notice:  Undefined variable: login in D:\proj\opencart2\catalog\view\theme\default\template\common\footer.tpl on line 62
2019-10-13 6:52:14 - PHP Notice:  Undefined variable: text_login in D:\proj\opencart2\catalog\view\theme\default\template\common\footer.tpl on line 62
2019-10-13 6:52:14 - PHP Notice:  Undefined variable: shopping_cart in D:\proj\opencart2\catalog\view\theme\default\template\common\footer.tpl on line 68
2019-10-13 6:52:14 - PHP Notice:  Undefined variable: text_shopping_cart in D:\proj\opencart2\catalog\view\theme\default\template\common\footer.tpl on line 68
2019-10-13 6:52:14 - PHP Notice:  Undefined variable: text_shopping_cart in D:\proj\opencart2\catalog\view\theme\default\template\common\footer.tpl on line 68
2019-10-13 6:52:14 - PHP Notice:  Undefined variable: checkout in D:\proj\opencart2\catalog\view\theme\default\template\common\footer.tpl on line 69
2019-10-13 6:52:14 - PHP Notice:  Undefined variable: text_checkout in D:\proj\opencart2\catalog\view\theme\default\template\common\footer.tpl on line 69
2019-10-13 6:52:14 - PHP Notice:  Undefined variable: text_checkout in D:\proj\opencart2\catalog\view\theme\default\template\common\footer.tpl on line 69
2019-10-13 6:53:31 - PHP Notice:  Undefined variable: name in D:\proj\opencart2\catalog\view\theme\default\template\common\footer.tpl on line 6
2019-10-13 6:53:31 - PHP Notice:  Undefined variable: name in D:\proj\opencart2\catalog\view\theme\default\template\common\footer.tpl on line 6
2019-10-13 6:53:31 - PHP Notice:  Undefined variable: name in D:\proj\opencart2\catalog\view\theme\default\template\common\footer.tpl on line 53
2019-10-13 6:53:31 - PHP Notice:  Undefined variable: name in D:\proj\opencart2\catalog\view\theme\default\template\common\footer.tpl on line 53
2019-10-13 6:53:31 - PHP Notice:  Undefined variable: logged in D:\proj\opencart2\catalog\view\theme\default\template\common\footer.tpl on line 56
2019-10-13 6:53:31 - PHP Notice:  Undefined variable: register in D:\proj\opencart2\catalog\view\theme\default\template\common\footer.tpl on line 63
2019-10-13 6:53:31 - PHP Notice:  Undefined variable: text_register in D:\proj\opencart2\catalog\view\theme\default\template\common\footer.tpl on line 63
2019-10-13 6:53:31 - PHP Notice:  Undefined variable: login in D:\proj\opencart2\catalog\view\theme\default\template\common\footer.tpl on line 64
2019-10-13 6:53:31 - PHP Notice:  Undefined variable: text_login in D:\proj\opencart2\catalog\view\theme\default\template\common\footer.tpl on line 64
2019-10-13 6:53:31 - PHP Notice:  Undefined variable: shopping_cart in D:\proj\opencart2\catalog\view\theme\default\template\common\footer.tpl on line 70
2019-10-13 6:53:31 - PHP Notice:  Undefined variable: text_shopping_cart in D:\proj\opencart2\catalog\view\theme\default\template\common\footer.tpl on line 70
2019-10-13 6:53:31 - PHP Notice:  Undefined variable: text_shopping_cart in D:\proj\opencart2\catalog\view\theme\default\template\common\footer.tpl on line 70
2019-10-13 6:53:31 - PHP Notice:  Undefined variable: checkout in D:\proj\opencart2\catalog\view\theme\default\template\common\footer.tpl on line 71
2019-10-13 6:53:31 - PHP Notice:  Undefined variable: text_checkout in D:\proj\opencart2\catalog\view\theme\default\template\common\footer.tpl on line 71
2019-10-13 6:53:31 - PHP Notice:  Undefined variable: text_checkout in D:\proj\opencart2\catalog\view\theme\default\template\common\footer.tpl on line 71
2019-10-13 6:55:02 - PHP Notice:  Undefined variable: name in D:\proj\opencart2\catalog\view\theme\default\template\common\footer.tpl on line 6
2019-10-13 6:55:02 - PHP Notice:  Undefined variable: name in D:\proj\opencart2\catalog\view\theme\default\template\common\footer.tpl on line 6
2019-10-13 6:55:02 - PHP Notice:  Undefined index: href in D:\proj\opencart2\catalog\view\theme\default\template\common\footer.tpl on line 9
2019-10-13 6:55:02 - PHP Notice:  Undefined index: title in D:\proj\opencart2\catalog\view\theme\default\template\common\footer.tpl on line 9
2019-10-13 6:55:02 - PHP Notice:  Undefined variable: name in D:\proj\opencart2\catalog\view\theme\default\template\common\footer.tpl on line 56
2019-10-13 6:55:02 - PHP Notice:  Undefined variable: name in D:\proj\opencart2\catalog\view\theme\default\template\common\footer.tpl on line 56
2019-10-13 6:55:02 - PHP Notice:  Undefined variable: logged in D:\proj\opencart2\catalog\view\theme\default\template\common\footer.tpl on line 59
2019-10-13 6:55:02 - PHP Notice:  Undefined variable: register in D:\proj\opencart2\catalog\view\theme\default\template\common\footer.tpl on line 66
2019-10-13 6:55:02 - PHP Notice:  Undefined variable: text_register in D:\proj\opencart2\catalog\view\theme\default\template\common\footer.tpl on line 66
2019-10-13 6:55:02 - PHP Notice:  Undefined variable: login in D:\proj\opencart2\catalog\view\theme\default\template\common\footer.tpl on line 67
2019-10-13 6:55:02 - PHP Notice:  Undefined variable: text_login in D:\proj\opencart2\catalog\view\theme\default\template\common\footer.tpl on line 67
2019-10-13 6:55:02 - PHP Notice:  Undefined variable: shopping_cart in D:\proj\opencart2\catalog\view\theme\default\template\common\footer.tpl on line 73
2019-10-13 6:55:02 - PHP Notice:  Undefined variable: text_shopping_cart in D:\proj\opencart2\catalog\view\theme\default\template\common\footer.tpl on line 73
2019-10-13 6:55:02 - PHP Notice:  Undefined variable: text_shopping_cart in D:\proj\opencart2\catalog\view\theme\default\template\common\footer.tpl on line 73
2019-10-13 6:55:02 - PHP Notice:  Undefined variable: checkout in D:\proj\opencart2\catalog\view\theme\default\template\common\footer.tpl on line 74
2019-10-13 6:55:02 - PHP Notice:  Undefined variable: text_checkout in D:\proj\opencart2\catalog\view\theme\default\template\common\footer.tpl on line 74
2019-10-13 6:55:02 - PHP Notice:  Undefined variable: text_checkout in D:\proj\opencart2\catalog\view\theme\default\template\common\footer.tpl on line 74
2019-10-13 6:55:33 - PHP Notice:  Undefined variable: name in D:\proj\opencart2\catalog\view\theme\default\template\common\footer.tpl on line 6
2019-10-13 6:55:33 - PHP Notice:  Undefined variable: name in D:\proj\opencart2\catalog\view\theme\default\template\common\footer.tpl on line 6
2019-10-13 6:55:33 - PHP Notice:  Undefined variable: name in D:\proj\opencart2\catalog\view\theme\default\template\common\footer.tpl on line 56
2019-10-13 6:55:33 - PHP Notice:  Undefined variable: name in D:\proj\opencart2\catalog\view\theme\default\template\common\footer.tpl on line 56
2019-10-13 6:55:33 - PHP Notice:  Undefined variable: logged in D:\proj\opencart2\catalog\view\theme\default\template\common\footer.tpl on line 59
2019-10-13 6:55:33 - PHP Notice:  Undefined variable: register in D:\proj\opencart2\catalog\view\theme\default\template\common\footer.tpl on line 66
2019-10-13 6:55:33 - PHP Notice:  Undefined variable: text_register in D:\proj\opencart2\catalog\view\theme\default\template\common\footer.tpl on line 66
2019-10-13 6:55:33 - PHP Notice:  Undefined variable: login in D:\proj\opencart2\catalog\view\theme\default\template\common\footer.tpl on line 67
2019-10-13 6:55:33 - PHP Notice:  Undefined variable: text_login in D:\proj\opencart2\catalog\view\theme\default\template\common\footer.tpl on line 67
2019-10-13 6:55:33 - PHP Notice:  Undefined variable: shopping_cart in D:\proj\opencart2\catalog\view\theme\default\template\common\footer.tpl on line 73
2019-10-13 6:55:33 - PHP Notice:  Undefined variable: text_shopping_cart in D:\proj\opencart2\catalog\view\theme\default\template\common\footer.tpl on line 73
2019-10-13 6:55:33 - PHP Notice:  Undefined variable: text_shopping_cart in D:\proj\opencart2\catalog\view\theme\default\template\common\footer.tpl on line 73
2019-10-13 6:55:33 - PHP Notice:  Undefined variable: checkout in D:\proj\opencart2\catalog\view\theme\default\template\common\footer.tpl on line 74
2019-10-13 6:55:33 - PHP Notice:  Undefined variable: text_checkout in D:\proj\opencart2\catalog\view\theme\default\template\common\footer.tpl on line 74
2019-10-13 6:55:33 - PHP Notice:  Undefined variable: text_checkout in D:\proj\opencart2\catalog\view\theme\default\template\common\footer.tpl on line 74
2019-10-13 7:04:27 - PHP Notice:  Undefined variable: name in D:\proj\opencart2\catalog\view\theme\default\template\common\footer.tpl on line 6
2019-10-13 7:04:27 - PHP Notice:  Undefined variable: name in D:\proj\opencart2\catalog\view\theme\default\template\common\footer.tpl on line 6
2019-10-13 7:04:27 - PHP Notice:  Undefined variable: text_about in D:\proj\opencart2\catalog\view\theme\default\template\common\footer.tpl on line 9
2019-10-13 7:04:27 - PHP Notice:  Undefined variable: name in D:\proj\opencart2\catalog\view\theme\default\template\common\footer.tpl on line 56
2019-10-13 7:04:27 - PHP Notice:  Undefined variable: name in D:\proj\opencart2\catalog\view\theme\default\template\common\footer.tpl on line 56
2019-10-13 7:04:27 - PHP Notice:  Undefined variable: logged in D:\proj\opencart2\catalog\view\theme\default\template\common\footer.tpl on line 59
2019-10-13 7:04:27 - PHP Notice:  Undefined variable: register in D:\proj\opencart2\catalog\view\theme\default\template\common\footer.tpl on line 66
2019-10-13 7:04:27 - PHP Notice:  Undefined variable: text_register in D:\proj\opencart2\catalog\view\theme\default\template\common\footer.tpl on line 66
2019-10-13 7:04:27 - PHP Notice:  Undefined variable: login in D:\proj\opencart2\catalog\view\theme\default\template\common\footer.tpl on line 67
2019-10-13 7:04:27 - PHP Notice:  Undefined variable: text_login in D:\proj\opencart2\catalog\view\theme\default\template\common\footer.tpl on line 67
2019-10-13 7:04:27 - PHP Notice:  Undefined variable: shopping_cart in D:\proj\opencart2\catalog\view\theme\default\template\common\footer.tpl on line 73
2019-10-13 7:04:27 - PHP Notice:  Undefined variable: text_shopping_cart in D:\proj\opencart2\catalog\view\theme\default\template\common\footer.tpl on line 73
2019-10-13 7:04:27 - PHP Notice:  Undefined variable: text_shopping_cart in D:\proj\opencart2\catalog\view\theme\default\template\common\footer.tpl on line 73
2019-10-13 7:04:27 - PHP Notice:  Undefined variable: checkout in D:\proj\opencart2\catalog\view\theme\default\template\common\footer.tpl on line 74
2019-10-13 7:04:27 - PHP Notice:  Undefined variable: text_checkout in D:\proj\opencart2\catalog\view\theme\default\template\common\footer.tpl on line 74
2019-10-13 7:04:27 - PHP Notice:  Undefined variable: text_checkout in D:\proj\opencart2\catalog\view\theme\default\template\common\footer.tpl on line 74
2019-10-13 7:04:49 - PHP Notice:  Undefined variable: name in D:\proj\opencart2\catalog\view\theme\default\template\common\footer.tpl on line 6
2019-10-13 7:04:49 - PHP Notice:  Undefined variable: name in D:\proj\opencart2\catalog\view\theme\default\template\common\footer.tpl on line 6
2019-10-13 7:04:49 - PHP Notice:  Undefined variable: name in D:\proj\opencart2\catalog\view\theme\default\template\common\footer.tpl on line 56
2019-10-13 7:04:49 - PHP Notice:  Undefined variable: name in D:\proj\opencart2\catalog\view\theme\default\template\common\footer.tpl on line 56
2019-10-13 7:04:49 - PHP Notice:  Undefined variable: logged in D:\proj\opencart2\catalog\view\theme\default\template\common\footer.tpl on line 59
2019-10-13 7:04:49 - PHP Notice:  Undefined variable: register in D:\proj\opencart2\catalog\view\theme\default\template\common\footer.tpl on line 66
2019-10-13 7:04:49 - PHP Notice:  Undefined variable: text_register in D:\proj\opencart2\catalog\view\theme\default\template\common\footer.tpl on line 66
2019-10-13 7:04:49 - PHP Notice:  Undefined variable: login in D:\proj\opencart2\catalog\view\theme\default\template\common\footer.tpl on line 67
2019-10-13 7:04:49 - PHP Notice:  Undefined variable: text_login in D:\proj\opencart2\catalog\view\theme\default\template\common\footer.tpl on line 67
2019-10-13 7:04:49 - PHP Notice:  Undefined variable: shopping_cart in D:\proj\opencart2\catalog\view\theme\default\template\common\footer.tpl on line 73
2019-10-13 7:04:49 - PHP Notice:  Undefined variable: text_shopping_cart in D:\proj\opencart2\catalog\view\theme\default\template\common\footer.tpl on line 73
2019-10-13 7:04:49 - PHP Notice:  Undefined variable: text_shopping_cart in D:\proj\opencart2\catalog\view\theme\default\template\common\footer.tpl on line 73
2019-10-13 7:04:49 - PHP Notice:  Undefined variable: checkout in D:\proj\opencart2\catalog\view\theme\default\template\common\footer.tpl on line 74
2019-10-13 7:04:49 - PHP Notice:  Undefined variable: text_checkout in D:\proj\opencart2\catalog\view\theme\default\template\common\footer.tpl on line 74
2019-10-13 7:04:49 - PHP Notice:  Undefined variable: text_checkout in D:\proj\opencart2\catalog\view\theme\default\template\common\footer.tpl on line 74
2019-10-13 7:06:39 - PHP Notice:  Undefined variable: name in D:\proj\opencart2\catalog\view\theme\default\template\common\footer.tpl on line 6
2019-10-13 7:06:39 - PHP Notice:  Undefined variable: name in D:\proj\opencart2\catalog\view\theme\default\template\common\footer.tpl on line 6
2019-10-13 7:06:39 - PHP Notice:  Undefined offset: 6 in D:\proj\opencart2\catalog\view\theme\default\template\common\footer.tpl on line 10
2019-10-13 7:06:39 - PHP Notice:  Use of undefined constant text_getandpay - assumed 'text_getandpay' in D:\proj\opencart2\catalog\view\theme\default\template\common\footer.tpl on line 10
2019-10-13 7:06:39 - PHP Notice:  Undefined variable: name in D:\proj\opencart2\catalog\view\theme\default\template\common\footer.tpl on line 57
2019-10-13 7:06:39 - PHP Notice:  Undefined variable: name in D:\proj\opencart2\catalog\view\theme\default\template\common\footer.tpl on line 57
2019-10-13 7:06:39 - PHP Notice:  Undefined variable: logged in D:\proj\opencart2\catalog\view\theme\default\template\common\footer.tpl on line 60
2019-10-13 7:06:39 - PHP Notice:  Undefined variable: register in D:\proj\opencart2\catalog\view\theme\default\template\common\footer.tpl on line 67
2019-10-13 7:06:39 - PHP Notice:  Undefined variable: text_register in D:\proj\opencart2\catalog\view\theme\default\template\common\footer.tpl on line 67
2019-10-13 7:06:39 - PHP Notice:  Undefined variable: login in D:\proj\opencart2\catalog\view\theme\default\template\common\footer.tpl on line 68
2019-10-13 7:06:39 - PHP Notice:  Undefined variable: text_login in D:\proj\opencart2\catalog\view\theme\default\template\common\footer.tpl on line 68
2019-10-13 7:06:39 - PHP Notice:  Undefined variable: shopping_cart in D:\proj\opencart2\catalog\view\theme\default\template\common\footer.tpl on line 74
2019-10-13 7:06:39 - PHP Notice:  Undefined variable: text_shopping_cart in D:\proj\opencart2\catalog\view\theme\default\template\common\footer.tpl on line 74
2019-10-13 7:06:39 - PHP Notice:  Undefined variable: text_shopping_cart in D:\proj\opencart2\catalog\view\theme\default\template\common\footer.tpl on line 74
2019-10-13 7:06:39 - PHP Notice:  Undefined variable: checkout in D:\proj\opencart2\catalog\view\theme\default\template\common\footer.tpl on line 75
2019-10-13 7:06:39 - PHP Notice:  Undefined variable: text_checkout in D:\proj\opencart2\catalog\view\theme\default\template\common\footer.tpl on line 75
2019-10-13 7:06:39 - PHP Notice:  Undefined variable: text_checkout in D:\proj\opencart2\catalog\view\theme\default\template\common\footer.tpl on line 75
2019-10-13 7:06:45 - PHP Notice:  Undefined variable: name in D:\proj\opencart2\catalog\view\theme\default\template\common\footer.tpl on line 6
2019-10-13 7:06:45 - PHP Notice:  Undefined variable: name in D:\proj\opencart2\catalog\view\theme\default\template\common\footer.tpl on line 6
2019-10-13 7:06:45 - PHP Notice:  Undefined offset: 6 in D:\proj\opencart2\catalog\view\theme\default\template\common\footer.tpl on line 10
2019-10-13 7:06:45 - PHP Notice:  Undefined variable: name in D:\proj\opencart2\catalog\view\theme\default\template\common\footer.tpl on line 57
2019-10-13 7:06:45 - PHP Notice:  Undefined variable: name in D:\proj\opencart2\catalog\view\theme\default\template\common\footer.tpl on line 57
2019-10-13 7:06:45 - PHP Notice:  Undefined variable: logged in D:\proj\opencart2\catalog\view\theme\default\template\common\footer.tpl on line 60
2019-10-13 7:06:45 - PHP Notice:  Undefined variable: register in D:\proj\opencart2\catalog\view\theme\default\template\common\footer.tpl on line 67
2019-10-13 7:06:45 - PHP Notice:  Undefined variable: text_register in D:\proj\opencart2\catalog\view\theme\default\template\common\footer.tpl on line 67
2019-10-13 7:06:45 - PHP Notice:  Undefined variable: login in D:\proj\opencart2\catalog\view\theme\default\template\common\footer.tpl on line 68
2019-10-13 7:06:45 - PHP Notice:  Undefined variable: text_login in D:\proj\opencart2\catalog\view\theme\default\template\common\footer.tpl on line 68
2019-10-13 7:06:45 - PHP Notice:  Undefined variable: shopping_cart in D:\proj\opencart2\catalog\view\theme\default\template\common\footer.tpl on line 74
2019-10-13 7:06:45 - PHP Notice:  Undefined variable: text_shopping_cart in D:\proj\opencart2\catalog\view\theme\default\template\common\footer.tpl on line 74
2019-10-13 7:06:45 - PHP Notice:  Undefined variable: text_shopping_cart in D:\proj\opencart2\catalog\view\theme\default\template\common\footer.tpl on line 74
2019-10-13 7:06:45 - PHP Notice:  Undefined variable: checkout in D:\proj\opencart2\catalog\view\theme\default\template\common\footer.tpl on line 75
2019-10-13 7:06:45 - PHP Notice:  Undefined variable: text_checkout in D:\proj\opencart2\catalog\view\theme\default\template\common\footer.tpl on line 75
2019-10-13 7:06:45 - PHP Notice:  Undefined variable: text_checkout in D:\proj\opencart2\catalog\view\theme\default\template\common\footer.tpl on line 75
2019-10-13 7:06:49 - PHP Notice:  Undefined variable: name in D:\proj\opencart2\catalog\view\theme\default\template\common\footer.tpl on line 6
2019-10-13 7:06:49 - PHP Notice:  Undefined variable: name in D:\proj\opencart2\catalog\view\theme\default\template\common\footer.tpl on line 6
2019-10-13 7:06:49 - PHP Notice:  Undefined offset: 6 in D:\proj\opencart2\catalog\view\theme\default\template\common\footer.tpl on line 10
2019-10-13 7:06:49 - PHP Notice:  Undefined variable: name in D:\proj\opencart2\catalog\view\theme\default\template\common\footer.tpl on line 57
2019-10-13 7:06:49 - PHP Notice:  Undefined variable: name in D:\proj\opencart2\catalog\view\theme\default\template\common\footer.tpl on line 57
2019-10-13 7:06:49 - PHP Notice:  Undefined variable: logged in D:\proj\opencart2\catalog\view\theme\default\template\common\footer.tpl on line 60
2019-10-13 7:06:49 - PHP Notice:  Undefined variable: register in D:\proj\opencart2\catalog\view\theme\default\template\common\footer.tpl on line 67
2019-10-13 7:06:49 - PHP Notice:  Undefined variable: text_register in D:\proj\opencart2\catalog\view\theme\default\template\common\footer.tpl on line 67
2019-10-13 7:06:49 - PHP Notice:  Undefined variable: login in D:\proj\opencart2\catalog\view\theme\default\template\common\footer.tpl on line 68
2019-10-13 7:06:49 - PHP Notice:  Undefined variable: text_login in D:\proj\opencart2\catalog\view\theme\default\template\common\footer.tpl on line 68
2019-10-13 7:06:49 - PHP Notice:  Undefined variable: shopping_cart in D:\proj\opencart2\catalog\view\theme\default\template\common\footer.tpl on line 74
2019-10-13 7:06:49 - PHP Notice:  Undefined variable: text_shopping_cart in D:\proj\opencart2\catalog\view\theme\default\template\common\footer.tpl on line 74
2019-10-13 7:06:49 - PHP Notice:  Undefined variable: text_shopping_cart in D:\proj\opencart2\catalog\view\theme\default\template\common\footer.tpl on line 74
2019-10-13 7:06:49 - PHP Notice:  Undefined variable: checkout in D:\proj\opencart2\catalog\view\theme\default\template\common\footer.tpl on line 75
2019-10-13 7:06:49 - PHP Notice:  Undefined variable: text_checkout in D:\proj\opencart2\catalog\view\theme\default\template\common\footer.tpl on line 75
2019-10-13 7:06:49 - PHP Notice:  Undefined variable: text_checkout in D:\proj\opencart2\catalog\view\theme\default\template\common\footer.tpl on line 75
2019-10-13 7:07:25 - PHP Notice:  Undefined variable: name in D:\proj\opencart2\catalog\view\theme\default\template\common\footer.tpl on line 6
2019-10-13 7:07:25 - PHP Notice:  Undefined variable: name in D:\proj\opencart2\catalog\view\theme\default\template\common\footer.tpl on line 6
2019-10-13 7:07:25 - PHP Notice:  Undefined variable: name in D:\proj\opencart2\catalog\view\theme\default\template\common\footer.tpl on line 57
2019-10-13 7:07:25 - PHP Notice:  Undefined variable: name in D:\proj\opencart2\catalog\view\theme\default\template\common\footer.tpl on line 57
2019-10-13 7:07:25 - PHP Notice:  Undefined variable: logged in D:\proj\opencart2\catalog\view\theme\default\template\common\footer.tpl on line 60
2019-10-13 7:07:25 - PHP Notice:  Undefined variable: register in D:\proj\opencart2\catalog\view\theme\default\template\common\footer.tpl on line 67
2019-10-13 7:07:25 - PHP Notice:  Undefined variable: text_register in D:\proj\opencart2\catalog\view\theme\default\template\common\footer.tpl on line 67
2019-10-13 7:07:25 - PHP Notice:  Undefined variable: login in D:\proj\opencart2\catalog\view\theme\default\template\common\footer.tpl on line 68
2019-10-13 7:07:25 - PHP Notice:  Undefined variable: text_login in D:\proj\opencart2\catalog\view\theme\default\template\common\footer.tpl on line 68
2019-10-13 7:07:25 - PHP Notice:  Undefined variable: shopping_cart in D:\proj\opencart2\catalog\view\theme\default\template\common\footer.tpl on line 74
2019-10-13 7:07:25 - PHP Notice:  Undefined variable: text_shopping_cart in D:\proj\opencart2\catalog\view\theme\default\template\common\footer.tpl on line 74
2019-10-13 7:07:25 - PHP Notice:  Undefined variable: text_shopping_cart in D:\proj\opencart2\catalog\view\theme\default\template\common\footer.tpl on line 74
2019-10-13 7:07:25 - PHP Notice:  Undefined variable: checkout in D:\proj\opencart2\catalog\view\theme\default\template\common\footer.tpl on line 75
2019-10-13 7:07:25 - PHP Notice:  Undefined variable: text_checkout in D:\proj\opencart2\catalog\view\theme\default\template\common\footer.tpl on line 75
2019-10-13 7:07:25 - PHP Notice:  Undefined variable: text_checkout in D:\proj\opencart2\catalog\view\theme\default\template\common\footer.tpl on line 75
2019-10-13 7:07:26 - PHP Notice:  Undefined variable: name in D:\proj\opencart2\catalog\view\theme\default\template\common\footer.tpl on line 6
2019-10-13 7:07:26 - PHP Notice:  Undefined variable: name in D:\proj\opencart2\catalog\view\theme\default\template\common\footer.tpl on line 6
2019-10-13 7:07:26 - PHP Notice:  Undefined variable: name in D:\proj\opencart2\catalog\view\theme\default\template\common\footer.tpl on line 57
2019-10-13 7:07:26 - PHP Notice:  Undefined variable: name in D:\proj\opencart2\catalog\view\theme\default\template\common\footer.tpl on line 57
2019-10-13 7:07:26 - PHP Notice:  Undefined variable: logged in D:\proj\opencart2\catalog\view\theme\default\template\common\footer.tpl on line 60
2019-10-13 7:07:26 - PHP Notice:  Undefined variable: register in D:\proj\opencart2\catalog\view\theme\default\template\common\footer.tpl on line 67
2019-10-13 7:07:26 - PHP Notice:  Undefined variable: text_register in D:\proj\opencart2\catalog\view\theme\default\template\common\footer.tpl on line 67
2019-10-13 7:07:26 - PHP Notice:  Undefined variable: login in D:\proj\opencart2\catalog\view\theme\default\template\common\footer.tpl on line 68
2019-10-13 7:07:26 - PHP Notice:  Undefined variable: text_login in D:\proj\opencart2\catalog\view\theme\default\template\common\footer.tpl on line 68
2019-10-13 7:07:26 - PHP Notice:  Undefined variable: shopping_cart in D:\proj\opencart2\catalog\view\theme\default\template\common\footer.tpl on line 74
2019-10-13 7:07:26 - PHP Notice:  Undefined variable: text_shopping_cart in D:\proj\opencart2\catalog\view\theme\default\template\common\footer.tpl on line 74
2019-10-13 7:07:26 - PHP Notice:  Undefined variable: text_shopping_cart in D:\proj\opencart2\catalog\view\theme\default\template\common\footer.tpl on line 74
2019-10-13 7:07:26 - PHP Notice:  Undefined variable: checkout in D:\proj\opencart2\catalog\view\theme\default\template\common\footer.tpl on line 75
2019-10-13 7:07:26 - PHP Notice:  Undefined variable: text_checkout in D:\proj\opencart2\catalog\view\theme\default\template\common\footer.tpl on line 75
2019-10-13 7:07:26 - PHP Notice:  Undefined variable: text_checkout in D:\proj\opencart2\catalog\view\theme\default\template\common\footer.tpl on line 75
2019-10-13 7:07:29 - PHP Notice:  Undefined variable: name in D:\proj\opencart2\catalog\view\theme\default\template\common\footer.tpl on line 6
2019-10-13 7:07:29 - PHP Notice:  Undefined variable: name in D:\proj\opencart2\catalog\view\theme\default\template\common\footer.tpl on line 6
2019-10-13 7:07:29 - PHP Notice:  Undefined variable: name in D:\proj\opencart2\catalog\view\theme\default\template\common\footer.tpl on line 57
2019-10-13 7:07:29 - PHP Notice:  Undefined variable: name in D:\proj\opencart2\catalog\view\theme\default\template\common\footer.tpl on line 57
2019-10-13 7:07:29 - PHP Notice:  Undefined variable: logged in D:\proj\opencart2\catalog\view\theme\default\template\common\footer.tpl on line 60
2019-10-13 7:07:29 - PHP Notice:  Undefined variable: register in D:\proj\opencart2\catalog\view\theme\default\template\common\footer.tpl on line 67
2019-10-13 7:07:29 - PHP Notice:  Undefined variable: text_register in D:\proj\opencart2\catalog\view\theme\default\template\common\footer.tpl on line 67
2019-10-13 7:07:29 - PHP Notice:  Undefined variable: login in D:\proj\opencart2\catalog\view\theme\default\template\common\footer.tpl on line 68
2019-10-13 7:07:29 - PHP Notice:  Undefined variable: text_login in D:\proj\opencart2\catalog\view\theme\default\template\common\footer.tpl on line 68
2019-10-13 7:07:29 - PHP Notice:  Undefined variable: shopping_cart in D:\proj\opencart2\catalog\view\theme\default\template\common\footer.tpl on line 74
2019-10-13 7:07:29 - PHP Notice:  Undefined variable: text_shopping_cart in D:\proj\opencart2\catalog\view\theme\default\template\common\footer.tpl on line 74
2019-10-13 7:07:29 - PHP Notice:  Undefined variable: text_shopping_cart in D:\proj\opencart2\catalog\view\theme\default\template\common\footer.tpl on line 74
2019-10-13 7:07:29 - PHP Notice:  Undefined variable: checkout in D:\proj\opencart2\catalog\view\theme\default\template\common\footer.tpl on line 75
2019-10-13 7:07:29 - PHP Notice:  Undefined variable: text_checkout in D:\proj\opencart2\catalog\view\theme\default\template\common\footer.tpl on line 75
2019-10-13 7:07:29 - PHP Notice:  Undefined variable: text_checkout in D:\proj\opencart2\catalog\view\theme\default\template\common\footer.tpl on line 75
2019-10-13 7:07:46 - PHP Notice:  Undefined variable: name in D:\proj\opencart2\catalog\view\theme\default\template\common\footer.tpl on line 6
2019-10-13 7:07:46 - PHP Notice:  Undefined variable: name in D:\proj\opencart2\catalog\view\theme\default\template\common\footer.tpl on line 6
2019-10-13 7:07:46 - PHP Notice:  Undefined variable: name in D:\proj\opencart2\catalog\view\theme\default\template\common\footer.tpl on line 57
2019-10-13 7:07:46 - PHP Notice:  Undefined variable: name in D:\proj\opencart2\catalog\view\theme\default\template\common\footer.tpl on line 57
2019-10-13 7:07:46 - PHP Notice:  Undefined variable: logged in D:\proj\opencart2\catalog\view\theme\default\template\common\footer.tpl on line 60
2019-10-13 7:07:46 - PHP Notice:  Undefined variable: register in D:\proj\opencart2\catalog\view\theme\default\template\common\footer.tpl on line 67
2019-10-13 7:07:46 - PHP Notice:  Undefined variable: text_register in D:\proj\opencart2\catalog\view\theme\default\template\common\footer.tpl on line 67
2019-10-13 7:07:46 - PHP Notice:  Undefined variable: login in D:\proj\opencart2\catalog\view\theme\default\template\common\footer.tpl on line 68
2019-10-13 7:07:46 - PHP Notice:  Undefined variable: text_login in D:\proj\opencart2\catalog\view\theme\default\template\common\footer.tpl on line 68
2019-10-13 7:07:46 - PHP Notice:  Undefined variable: shopping_cart in D:\proj\opencart2\catalog\view\theme\default\template\common\footer.tpl on line 74
2019-10-13 7:07:46 - PHP Notice:  Undefined variable: text_shopping_cart in D:\proj\opencart2\catalog\view\theme\default\template\common\footer.tpl on line 74
2019-10-13 7:07:46 - PHP Notice:  Undefined variable: text_shopping_cart in D:\proj\opencart2\catalog\view\theme\default\template\common\footer.tpl on line 74
2019-10-13 7:07:46 - PHP Notice:  Undefined variable: checkout in D:\proj\opencart2\catalog\view\theme\default\template\common\footer.tpl on line 75
2019-10-13 7:07:46 - PHP Notice:  Undefined variable: text_checkout in D:\proj\opencart2\catalog\view\theme\default\template\common\footer.tpl on line 75
2019-10-13 7:07:46 - PHP Notice:  Undefined variable: text_checkout in D:\proj\opencart2\catalog\view\theme\default\template\common\footer.tpl on line 75
2019-10-13 7:09:46 - PHP Notice:  Undefined variable: name in D:\proj\opencart2\catalog\view\theme\default\template\common\footer.tpl on line 6
2019-10-13 7:09:46 - PHP Notice:  Undefined variable: name in D:\proj\opencart2\catalog\view\theme\default\template\common\footer.tpl on line 6
2019-10-13 7:09:46 - PHP Notice:  Undefined offset: 7 in D:\proj\opencart2\catalog\view\theme\default\template\common\footer.tpl on line 11
2019-10-13 7:09:46 - PHP Notice:  Undefined variable: name in D:\proj\opencart2\catalog\view\theme\default\template\common\footer.tpl on line 58
2019-10-13 7:09:46 - PHP Notice:  Undefined variable: name in D:\proj\opencart2\catalog\view\theme\default\template\common\footer.tpl on line 58
2019-10-13 7:09:46 - PHP Notice:  Undefined variable: logged in D:\proj\opencart2\catalog\view\theme\default\template\common\footer.tpl on line 61
2019-10-13 7:09:46 - PHP Notice:  Undefined variable: register in D:\proj\opencart2\catalog\view\theme\default\template\common\footer.tpl on line 68
2019-10-13 7:09:46 - PHP Notice:  Undefined variable: text_register in D:\proj\opencart2\catalog\view\theme\default\template\common\footer.tpl on line 68
2019-10-13 7:09:46 - PHP Notice:  Undefined variable: login in D:\proj\opencart2\catalog\view\theme\default\template\common\footer.tpl on line 69
2019-10-13 7:09:46 - PHP Notice:  Undefined variable: text_login in D:\proj\opencart2\catalog\view\theme\default\template\common\footer.tpl on line 69
2019-10-13 7:09:46 - PHP Notice:  Undefined variable: shopping_cart in D:\proj\opencart2\catalog\view\theme\default\template\common\footer.tpl on line 75
2019-10-13 7:09:46 - PHP Notice:  Undefined variable: text_shopping_cart in D:\proj\opencart2\catalog\view\theme\default\template\common\footer.tpl on line 75
2019-10-13 7:09:46 - PHP Notice:  Undefined variable: text_shopping_cart in D:\proj\opencart2\catalog\view\theme\default\template\common\footer.tpl on line 75
2019-10-13 7:09:46 - PHP Notice:  Undefined variable: checkout in D:\proj\opencart2\catalog\view\theme\default\template\common\footer.tpl on line 76
2019-10-13 7:09:46 - PHP Notice:  Undefined variable: text_checkout in D:\proj\opencart2\catalog\view\theme\default\template\common\footer.tpl on line 76
2019-10-13 7:09:46 - PHP Notice:  Undefined variable: text_checkout in D:\proj\opencart2\catalog\view\theme\default\template\common\footer.tpl on line 76
2019-10-13 7:10:00 - PHP Notice:  Undefined variable: name in D:\proj\opencart2\catalog\view\theme\default\template\common\footer.tpl on line 6
2019-10-13 7:10:00 - PHP Notice:  Undefined variable: name in D:\proj\opencart2\catalog\view\theme\default\template\common\footer.tpl on line 6
2019-10-13 7:10:00 - PHP Notice:  Undefined offset: 4 in D:\proj\opencart2\catalog\view\theme\default\template\common\footer.tpl on line 11
2019-10-13 7:10:00 - PHP Notice:  Undefined variable: name in D:\proj\opencart2\catalog\view\theme\default\template\common\footer.tpl on line 58
2019-10-13 7:10:00 - PHP Notice:  Undefined variable: name in D:\proj\opencart2\catalog\view\theme\default\template\common\footer.tpl on line 58
2019-10-13 7:10:00 - PHP Notice:  Undefined variable: logged in D:\proj\opencart2\catalog\view\theme\default\template\common\footer.tpl on line 61
2019-10-13 7:10:00 - PHP Notice:  Undefined variable: register in D:\proj\opencart2\catalog\view\theme\default\template\common\footer.tpl on line 68
2019-10-13 7:10:00 - PHP Notice:  Undefined variable: text_register in D:\proj\opencart2\catalog\view\theme\default\template\common\footer.tpl on line 68
2019-10-13 7:10:00 - PHP Notice:  Undefined variable: login in D:\proj\opencart2\catalog\view\theme\default\template\common\footer.tpl on line 69
2019-10-13 7:10:00 - PHP Notice:  Undefined variable: text_login in D:\proj\opencart2\catalog\view\theme\default\template\common\footer.tpl on line 69
2019-10-13 7:10:00 - PHP Notice:  Undefined variable: shopping_cart in D:\proj\opencart2\catalog\view\theme\default\template\common\footer.tpl on line 75
2019-10-13 7:10:00 - PHP Notice:  Undefined variable: text_shopping_cart in D:\proj\opencart2\catalog\view\theme\default\template\common\footer.tpl on line 75
2019-10-13 7:10:00 - PHP Notice:  Undefined variable: text_shopping_cart in D:\proj\opencart2\catalog\view\theme\default\template\common\footer.tpl on line 75
2019-10-13 7:10:00 - PHP Notice:  Undefined variable: checkout in D:\proj\opencart2\catalog\view\theme\default\template\common\footer.tpl on line 76
2019-10-13 7:10:00 - PHP Notice:  Undefined variable: text_checkout in D:\proj\opencart2\catalog\view\theme\default\template\common\footer.tpl on line 76
2019-10-13 7:10:00 - PHP Notice:  Undefined variable: text_checkout in D:\proj\opencart2\catalog\view\theme\default\template\common\footer.tpl on line 76
2019-10-13 7:10:23 - PHP Notice:  Undefined variable: name in D:\proj\opencart2\catalog\view\theme\default\template\common\footer.tpl on line 6
2019-10-13 7:10:23 - PHP Notice:  Undefined variable: name in D:\proj\opencart2\catalog\view\theme\default\template\common\footer.tpl on line 6
2019-10-13 7:10:23 - PHP Notice:  Undefined offset: 4 in D:\proj\opencart2\catalog\view\theme\default\template\common\footer.tpl on line 11
2019-10-13 7:10:23 - PHP Notice:  Undefined variable: name in D:\proj\opencart2\catalog\view\theme\default\template\common\footer.tpl on line 58
2019-10-13 7:10:23 - PHP Notice:  Undefined variable: name in D:\proj\opencart2\catalog\view\theme\default\template\common\footer.tpl on line 58
2019-10-13 7:10:23 - PHP Notice:  Undefined variable: logged in D:\proj\opencart2\catalog\view\theme\default\template\common\footer.tpl on line 61
2019-10-13 7:10:23 - PHP Notice:  Undefined variable: register in D:\proj\opencart2\catalog\view\theme\default\template\common\footer.tpl on line 68
2019-10-13 7:10:23 - PHP Notice:  Undefined variable: text_register in D:\proj\opencart2\catalog\view\theme\default\template\common\footer.tpl on line 68
2019-10-13 7:10:23 - PHP Notice:  Undefined variable: login in D:\proj\opencart2\catalog\view\theme\default\template\common\footer.tpl on line 69
2019-10-13 7:10:23 - PHP Notice:  Undefined variable: text_login in D:\proj\opencart2\catalog\view\theme\default\template\common\footer.tpl on line 69
2019-10-13 7:10:23 - PHP Notice:  Undefined variable: shopping_cart in D:\proj\opencart2\catalog\view\theme\default\template\common\footer.tpl on line 75
2019-10-13 7:10:23 - PHP Notice:  Undefined variable: text_shopping_cart in D:\proj\opencart2\catalog\view\theme\default\template\common\footer.tpl on line 75
2019-10-13 7:10:23 - PHP Notice:  Undefined variable: text_shopping_cart in D:\proj\opencart2\catalog\view\theme\default\template\common\footer.tpl on line 75
2019-10-13 7:10:23 - PHP Notice:  Undefined variable: checkout in D:\proj\opencart2\catalog\view\theme\default\template\common\footer.tpl on line 76
2019-10-13 7:10:23 - PHP Notice:  Undefined variable: text_checkout in D:\proj\opencart2\catalog\view\theme\default\template\common\footer.tpl on line 76
2019-10-13 7:10:23 - PHP Notice:  Undefined variable: text_checkout in D:\proj\opencart2\catalog\view\theme\default\template\common\footer.tpl on line 76
2019-10-13 7:11:15 - PHP Notice:  Undefined variable: name in D:\proj\opencart2\catalog\view\theme\default\template\common\footer.tpl on line 6
2019-10-13 7:11:15 - PHP Notice:  Undefined variable: name in D:\proj\opencart2\catalog\view\theme\default\template\common\footer.tpl on line 6
2019-10-13 7:11:15 - PHP Notice:  Undefined offset: 4 in D:\proj\opencart2\catalog\view\theme\default\template\common\footer.tpl on line 11
2019-10-13 7:11:15 - PHP Notice:  Undefined variable: name in D:\proj\opencart2\catalog\view\theme\default\template\common\footer.tpl on line 58
2019-10-13 7:11:15 - PHP Notice:  Undefined variable: name in D:\proj\opencart2\catalog\view\theme\default\template\common\footer.tpl on line 58
2019-10-13 7:11:15 - PHP Notice:  Undefined variable: logged in D:\proj\opencart2\catalog\view\theme\default\template\common\footer.tpl on line 61
2019-10-13 7:11:15 - PHP Notice:  Undefined variable: register in D:\proj\opencart2\catalog\view\theme\default\template\common\footer.tpl on line 68
2019-10-13 7:11:15 - PHP Notice:  Undefined variable: text_register in D:\proj\opencart2\catalog\view\theme\default\template\common\footer.tpl on line 68
2019-10-13 7:11:15 - PHP Notice:  Undefined variable: login in D:\proj\opencart2\catalog\view\theme\default\template\common\footer.tpl on line 69
2019-10-13 7:11:15 - PHP Notice:  Undefined variable: text_login in D:\proj\opencart2\catalog\view\theme\default\template\common\footer.tpl on line 69
2019-10-13 7:11:15 - PHP Notice:  Undefined variable: shopping_cart in D:\proj\opencart2\catalog\view\theme\default\template\common\footer.tpl on line 75
2019-10-13 7:11:15 - PHP Notice:  Undefined variable: text_shopping_cart in D:\proj\opencart2\catalog\view\theme\default\template\common\footer.tpl on line 75
2019-10-13 7:11:15 - PHP Notice:  Undefined variable: text_shopping_cart in D:\proj\opencart2\catalog\view\theme\default\template\common\footer.tpl on line 75
2019-10-13 7:11:15 - PHP Notice:  Undefined variable: checkout in D:\proj\opencart2\catalog\view\theme\default\template\common\footer.tpl on line 76
2019-10-13 7:11:15 - PHP Notice:  Undefined variable: text_checkout in D:\proj\opencart2\catalog\view\theme\default\template\common\footer.tpl on line 76
2019-10-13 7:11:15 - PHP Notice:  Undefined variable: text_checkout in D:\proj\opencart2\catalog\view\theme\default\template\common\footer.tpl on line 76
2019-10-13 7:13:56 - PHP Notice:  Undefined variable: name in D:\proj\opencart2\catalog\view\theme\default\template\common\footer.tpl on line 6
2019-10-13 7:13:56 - PHP Notice:  Undefined variable: name in D:\proj\opencart2\catalog\view\theme\default\template\common\footer.tpl on line 6
2019-10-13 7:13:56 - PHP Notice:  Undefined variable: name in D:\proj\opencart2\catalog\view\theme\default\template\common\footer.tpl on line 58
2019-10-13 7:13:56 - PHP Notice:  Undefined variable: name in D:\proj\opencart2\catalog\view\theme\default\template\common\footer.tpl on line 58
2019-10-13 7:13:56 - PHP Notice:  Undefined variable: logged in D:\proj\opencart2\catalog\view\theme\default\template\common\footer.tpl on line 61
2019-10-13 7:13:56 - PHP Notice:  Undefined variable: register in D:\proj\opencart2\catalog\view\theme\default\template\common\footer.tpl on line 68
2019-10-13 7:13:56 - PHP Notice:  Undefined variable: text_register in D:\proj\opencart2\catalog\view\theme\default\template\common\footer.tpl on line 68
2019-10-13 7:13:56 - PHP Notice:  Undefined variable: login in D:\proj\opencart2\catalog\view\theme\default\template\common\footer.tpl on line 69
2019-10-13 7:13:56 - PHP Notice:  Undefined variable: text_login in D:\proj\opencart2\catalog\view\theme\default\template\common\footer.tpl on line 69
2019-10-13 7:13:56 - PHP Notice:  Undefined variable: shopping_cart in D:\proj\opencart2\catalog\view\theme\default\template\common\footer.tpl on line 75
2019-10-13 7:13:56 - PHP Notice:  Undefined variable: text_shopping_cart in D:\proj\opencart2\catalog\view\theme\default\template\common\footer.tpl on line 75
2019-10-13 7:13:56 - PHP Notice:  Undefined variable: text_shopping_cart in D:\proj\opencart2\catalog\view\theme\default\template\common\footer.tpl on line 75
2019-10-13 7:13:56 - PHP Notice:  Undefined variable: checkout in D:\proj\opencart2\catalog\view\theme\default\template\common\footer.tpl on line 76
2019-10-13 7:13:56 - PHP Notice:  Undefined variable: text_checkout in D:\proj\opencart2\catalog\view\theme\default\template\common\footer.tpl on line 76
2019-10-13 7:13:56 - PHP Notice:  Undefined variable: text_checkout in D:\proj\opencart2\catalog\view\theme\default\template\common\footer.tpl on line 76
2019-10-13 7:14:06 - PHP Notice:  Undefined variable: name in D:\proj\opencart2\catalog\view\theme\default\template\common\footer.tpl on line 6
2019-10-13 7:14:06 - PHP Notice:  Undefined variable: name in D:\proj\opencart2\catalog\view\theme\default\template\common\footer.tpl on line 6
2019-10-13 7:14:06 - PHP Notice:  Undefined variable: name in D:\proj\opencart2\catalog\view\theme\default\template\common\footer.tpl on line 58
2019-10-13 7:14:06 - PHP Notice:  Undefined variable: name in D:\proj\opencart2\catalog\view\theme\default\template\common\footer.tpl on line 58
2019-10-13 7:14:06 - PHP Notice:  Undefined variable: logged in D:\proj\opencart2\catalog\view\theme\default\template\common\footer.tpl on line 61
2019-10-13 7:14:06 - PHP Notice:  Undefined variable: register in D:\proj\opencart2\catalog\view\theme\default\template\common\footer.tpl on line 68
2019-10-13 7:14:06 - PHP Notice:  Undefined variable: text_register in D:\proj\opencart2\catalog\view\theme\default\template\common\footer.tpl on line 68
2019-10-13 7:14:06 - PHP Notice:  Undefined variable: login in D:\proj\opencart2\catalog\view\theme\default\template\common\footer.tpl on line 69
2019-10-13 7:14:06 - PHP Notice:  Undefined variable: text_login in D:\proj\opencart2\catalog\view\theme\default\template\common\footer.tpl on line 69
2019-10-13 7:14:06 - PHP Notice:  Undefined variable: shopping_cart in D:\proj\opencart2\catalog\view\theme\default\template\common\footer.tpl on line 75
2019-10-13 7:14:06 - PHP Notice:  Undefined variable: text_shopping_cart in D:\proj\opencart2\catalog\view\theme\default\template\common\footer.tpl on line 75
2019-10-13 7:14:06 - PHP Notice:  Undefined variable: text_shopping_cart in D:\proj\opencart2\catalog\view\theme\default\template\common\footer.tpl on line 75
2019-10-13 7:14:06 - PHP Notice:  Undefined variable: checkout in D:\proj\opencart2\catalog\view\theme\default\template\common\footer.tpl on line 76
2019-10-13 7:14:06 - PHP Notice:  Undefined variable: text_checkout in D:\proj\opencart2\catalog\view\theme\default\template\common\footer.tpl on line 76
2019-10-13 7:14:06 - PHP Notice:  Undefined variable: text_checkout in D:\proj\opencart2\catalog\view\theme\default\template\common\footer.tpl on line 76
2019-10-13 7:15:22 - PHP Notice:  Undefined variable: name in D:\proj\opencart2\catalog\view\theme\default\template\common\footer.tpl on line 6
2019-10-13 7:15:22 - PHP Notice:  Undefined variable: name in D:\proj\opencart2\catalog\view\theme\default\template\common\footer.tpl on line 6
2019-10-13 7:15:22 - PHP Notice:  Undefined variable: name in D:\proj\opencart2\catalog\view\theme\default\template\common\footer.tpl on line 58
2019-10-13 7:15:22 - PHP Notice:  Undefined variable: name in D:\proj\opencart2\catalog\view\theme\default\template\common\footer.tpl on line 58
2019-10-13 7:15:22 - PHP Notice:  Undefined variable: logged in D:\proj\opencart2\catalog\view\theme\default\template\common\footer.tpl on line 61
2019-10-13 7:15:22 - PHP Notice:  Undefined variable: register in D:\proj\opencart2\catalog\view\theme\default\template\common\footer.tpl on line 68
2019-10-13 7:15:22 - PHP Notice:  Undefined variable: text_register in D:\proj\opencart2\catalog\view\theme\default\template\common\footer.tpl on line 68
2019-10-13 7:15:22 - PHP Notice:  Undefined variable: login in D:\proj\opencart2\catalog\view\theme\default\template\common\footer.tpl on line 69
2019-10-13 7:15:22 - PHP Notice:  Undefined variable: text_login in D:\proj\opencart2\catalog\view\theme\default\template\common\footer.tpl on line 69
2019-10-13 7:15:22 - PHP Notice:  Undefined variable: shopping_cart in D:\proj\opencart2\catalog\view\theme\default\template\common\footer.tpl on line 75
2019-10-13 7:15:22 - PHP Notice:  Undefined variable: text_shopping_cart in D:\proj\opencart2\catalog\view\theme\default\template\common\footer.tpl on line 75
2019-10-13 7:15:22 - PHP Notice:  Undefined variable: text_shopping_cart in D:\proj\opencart2\catalog\view\theme\default\template\common\footer.tpl on line 75
2019-10-13 7:15:22 - PHP Notice:  Undefined variable: checkout in D:\proj\opencart2\catalog\view\theme\default\template\common\footer.tpl on line 76
2019-10-13 7:15:22 - PHP Notice:  Undefined variable: text_checkout in D:\proj\opencart2\catalog\view\theme\default\template\common\footer.tpl on line 76
2019-10-13 7:15:22 - PHP Notice:  Undefined variable: text_checkout in D:\proj\opencart2\catalog\view\theme\default\template\common\footer.tpl on line 76
2019-10-13 7:15:29 - PHP Notice:  Undefined variable: name in D:\proj\opencart2\catalog\view\theme\default\template\common\footer.tpl on line 6
2019-10-13 7:15:29 - PHP Notice:  Undefined variable: name in D:\proj\opencart2\catalog\view\theme\default\template\common\footer.tpl on line 6
2019-10-13 7:15:29 - PHP Notice:  Undefined variable: name in D:\proj\opencart2\catalog\view\theme\default\template\common\footer.tpl on line 58
2019-10-13 7:15:29 - PHP Notice:  Undefined variable: name in D:\proj\opencart2\catalog\view\theme\default\template\common\footer.tpl on line 58
2019-10-13 7:15:29 - PHP Notice:  Undefined variable: logged in D:\proj\opencart2\catalog\view\theme\default\template\common\footer.tpl on line 61
2019-10-13 7:15:29 - PHP Notice:  Undefined variable: register in D:\proj\opencart2\catalog\view\theme\default\template\common\footer.tpl on line 68
2019-10-13 7:15:29 - PHP Notice:  Undefined variable: text_register in D:\proj\opencart2\catalog\view\theme\default\template\common\footer.tpl on line 68
2019-10-13 7:15:29 - PHP Notice:  Undefined variable: login in D:\proj\opencart2\catalog\view\theme\default\template\common\footer.tpl on line 69
2019-10-13 7:15:29 - PHP Notice:  Undefined variable: text_login in D:\proj\opencart2\catalog\view\theme\default\template\common\footer.tpl on line 69
2019-10-13 7:15:29 - PHP Notice:  Undefined variable: shopping_cart in D:\proj\opencart2\catalog\view\theme\default\template\common\footer.tpl on line 75
2019-10-13 7:15:29 - PHP Notice:  Undefined variable: text_shopping_cart in D:\proj\opencart2\catalog\view\theme\default\template\common\footer.tpl on line 75
2019-10-13 7:15:29 - PHP Notice:  Undefined variable: text_shopping_cart in D:\proj\opencart2\catalog\view\theme\default\template\common\footer.tpl on line 75
2019-10-13 7:15:29 - PHP Notice:  Undefined variable: checkout in D:\proj\opencart2\catalog\view\theme\default\template\common\footer.tpl on line 76
2019-10-13 7:15:29 - PHP Notice:  Undefined variable: text_checkout in D:\proj\opencart2\catalog\view\theme\default\template\common\footer.tpl on line 76
2019-10-13 7:15:29 - PHP Notice:  Undefined variable: text_checkout in D:\proj\opencart2\catalog\view\theme\default\template\common\footer.tpl on line 76
2019-10-13 7:15:46 - PHP Notice:  Undefined variable: name in D:\proj\opencart2\catalog\view\theme\default\template\common\footer.tpl on line 6
2019-10-13 7:15:46 - PHP Notice:  Undefined variable: name in D:\proj\opencart2\catalog\view\theme\default\template\common\footer.tpl on line 6
2019-10-13 7:15:46 - PHP Notice:  Undefined variable: name in D:\proj\opencart2\catalog\view\theme\default\template\common\footer.tpl on line 58
2019-10-13 7:15:46 - PHP Notice:  Undefined variable: name in D:\proj\opencart2\catalog\view\theme\default\template\common\footer.tpl on line 58
2019-10-13 7:15:46 - PHP Notice:  Undefined variable: logged in D:\proj\opencart2\catalog\view\theme\default\template\common\footer.tpl on line 61
2019-10-13 7:15:46 - PHP Notice:  Undefined variable: register in D:\proj\opencart2\catalog\view\theme\default\template\common\footer.tpl on line 68
2019-10-13 7:15:46 - PHP Notice:  Undefined variable: text_register in D:\proj\opencart2\catalog\view\theme\default\template\common\footer.tpl on line 68
2019-10-13 7:15:46 - PHP Notice:  Undefined variable: login in D:\proj\opencart2\catalog\view\theme\default\template\common\footer.tpl on line 69
2019-10-13 7:15:46 - PHP Notice:  Undefined variable: text_login in D:\proj\opencart2\catalog\view\theme\default\template\common\footer.tpl on line 69
2019-10-13 7:15:46 - PHP Notice:  Undefined variable: shopping_cart in D:\proj\opencart2\catalog\view\theme\default\template\common\footer.tpl on line 75
2019-10-13 7:15:46 - PHP Notice:  Undefined variable: text_shopping_cart in D:\proj\opencart2\catalog\view\theme\default\template\common\footer.tpl on line 75
2019-10-13 7:15:46 - PHP Notice:  Undefined variable: text_shopping_cart in D:\proj\opencart2\catalog\view\theme\default\template\common\footer.tpl on line 75
2019-10-13 7:15:46 - PHP Notice:  Undefined variable: checkout in D:\proj\opencart2\catalog\view\theme\default\template\common\footer.tpl on line 76
2019-10-13 7:15:46 - PHP Notice:  Undefined variable: text_checkout in D:\proj\opencart2\catalog\view\theme\default\template\common\footer.tpl on line 76
2019-10-13 7:15:46 - PHP Notice:  Undefined variable: text_checkout in D:\proj\opencart2\catalog\view\theme\default\template\common\footer.tpl on line 76
2019-10-13 7:15:52 - PHP Notice:  Undefined variable: name in D:\proj\opencart2\catalog\view\theme\default\template\common\footer.tpl on line 6
2019-10-13 7:15:52 - PHP Notice:  Undefined variable: name in D:\proj\opencart2\catalog\view\theme\default\template\common\footer.tpl on line 6
2019-10-13 7:15:52 - PHP Notice:  Undefined variable: name in D:\proj\opencart2\catalog\view\theme\default\template\common\footer.tpl on line 58
2019-10-13 7:15:52 - PHP Notice:  Undefined variable: name in D:\proj\opencart2\catalog\view\theme\default\template\common\footer.tpl on line 58
2019-10-13 7:15:52 - PHP Notice:  Undefined variable: logged in D:\proj\opencart2\catalog\view\theme\default\template\common\footer.tpl on line 61
2019-10-13 7:15:52 - PHP Notice:  Undefined variable: register in D:\proj\opencart2\catalog\view\theme\default\template\common\footer.tpl on line 68
2019-10-13 7:15:52 - PHP Notice:  Undefined variable: text_register in D:\proj\opencart2\catalog\view\theme\default\template\common\footer.tpl on line 68
2019-10-13 7:15:52 - PHP Notice:  Undefined variable: login in D:\proj\opencart2\catalog\view\theme\default\template\common\footer.tpl on line 69
2019-10-13 7:15:52 - PHP Notice:  Undefined variable: text_login in D:\proj\opencart2\catalog\view\theme\default\template\common\footer.tpl on line 69
2019-10-13 7:15:52 - PHP Notice:  Undefined variable: shopping_cart in D:\proj\opencart2\catalog\view\theme\default\template\common\footer.tpl on line 75
2019-10-13 7:15:52 - PHP Notice:  Undefined variable: text_shopping_cart in D:\proj\opencart2\catalog\view\theme\default\template\common\footer.tpl on line 75
2019-10-13 7:15:52 - PHP Notice:  Undefined variable: text_shopping_cart in D:\proj\opencart2\catalog\view\theme\default\template\common\footer.tpl on line 75
2019-10-13 7:15:52 - PHP Notice:  Undefined variable: checkout in D:\proj\opencart2\catalog\view\theme\default\template\common\footer.tpl on line 76
2019-10-13 7:15:52 - PHP Notice:  Undefined variable: text_checkout in D:\proj\opencart2\catalog\view\theme\default\template\common\footer.tpl on line 76
2019-10-13 7:15:52 - PHP Notice:  Undefined variable: text_checkout in D:\proj\opencart2\catalog\view\theme\default\template\common\footer.tpl on line 76
2019-10-13 7:29:45 - PHP Notice:  Undefined variable: name in D:\proj\opencart2\catalog\view\theme\default\template\common\footer.tpl on line 6
2019-10-13 7:29:45 - PHP Notice:  Undefined variable: name in D:\proj\opencart2\catalog\view\theme\default\template\common\footer.tpl on line 6
2019-10-13 7:29:45 - PHP Notice:  Undefined variable: name in D:\proj\opencart2\catalog\view\theme\default\template\common\footer.tpl on line 59
2019-10-13 7:29:45 - PHP Notice:  Undefined variable: name in D:\proj\opencart2\catalog\view\theme\default\template\common\footer.tpl on line 59
2019-10-13 7:29:45 - PHP Notice:  Undefined variable: logged in D:\proj\opencart2\catalog\view\theme\default\template\common\footer.tpl on line 62
2019-10-13 7:29:45 - PHP Notice:  Undefined variable: register in D:\proj\opencart2\catalog\view\theme\default\template\common\footer.tpl on line 69
2019-10-13 7:29:45 - PHP Notice:  Undefined variable: text_register in D:\proj\opencart2\catalog\view\theme\default\template\common\footer.tpl on line 69
2019-10-13 7:29:45 - PHP Notice:  Undefined variable: login in D:\proj\opencart2\catalog\view\theme\default\template\common\footer.tpl on line 70
2019-10-13 7:29:45 - PHP Notice:  Undefined variable: text_login in D:\proj\opencart2\catalog\view\theme\default\template\common\footer.tpl on line 70
2019-10-13 7:29:45 - PHP Notice:  Undefined variable: shopping_cart in D:\proj\opencart2\catalog\view\theme\default\template\common\footer.tpl on line 76
2019-10-13 7:29:45 - PHP Notice:  Undefined variable: text_shopping_cart in D:\proj\opencart2\catalog\view\theme\default\template\common\footer.tpl on line 76
2019-10-13 7:29:45 - PHP Notice:  Undefined variable: text_shopping_cart in D:\proj\opencart2\catalog\view\theme\default\template\common\footer.tpl on line 76
2019-10-13 7:29:45 - PHP Notice:  Undefined variable: checkout in D:\proj\opencart2\catalog\view\theme\default\template\common\footer.tpl on line 77
2019-10-13 7:29:45 - PHP Notice:  Undefined variable: text_checkout in D:\proj\opencart2\catalog\view\theme\default\template\common\footer.tpl on line 77
2019-10-13 7:29:45 - PHP Notice:  Undefined variable: text_checkout in D:\proj\opencart2\catalog\view\theme\default\template\common\footer.tpl on line 77
2019-10-13 7:30:13 - PHP Notice:  Undefined variable: name in D:\proj\opencart2\catalog\view\theme\default\template\common\footer.tpl on line 6
2019-10-13 7:30:13 - PHP Notice:  Undefined variable: name in D:\proj\opencart2\catalog\view\theme\default\template\common\footer.tpl on line 6
2019-10-13 7:30:13 - PHP Notice:  Undefined variable: name in D:\proj\opencart2\catalog\view\theme\default\template\common\footer.tpl on line 59
2019-10-13 7:30:13 - PHP Notice:  Undefined variable: name in D:\proj\opencart2\catalog\view\theme\default\template\common\footer.tpl on line 59
2019-10-13 7:30:13 - PHP Notice:  Undefined variable: logged in D:\proj\opencart2\catalog\view\theme\default\template\common\footer.tpl on line 62
2019-10-13 7:30:13 - PHP Notice:  Undefined variable: register in D:\proj\opencart2\catalog\view\theme\default\template\common\footer.tpl on line 69
2019-10-13 7:30:13 - PHP Notice:  Undefined variable: text_register in D:\proj\opencart2\catalog\view\theme\default\template\common\footer.tpl on line 69
2019-10-13 7:30:13 - PHP Notice:  Undefined variable: login in D:\proj\opencart2\catalog\view\theme\default\template\common\footer.tpl on line 70
2019-10-13 7:30:13 - PHP Notice:  Undefined variable: text_login in D:\proj\opencart2\catalog\view\theme\default\template\common\footer.tpl on line 70
2019-10-13 7:30:13 - PHP Notice:  Undefined variable: shopping_cart in D:\proj\opencart2\catalog\view\theme\default\template\common\footer.tpl on line 76
2019-10-13 7:30:13 - PHP Notice:  Undefined variable: text_shopping_cart in D:\proj\opencart2\catalog\view\theme\default\template\common\footer.tpl on line 76
2019-10-13 7:30:13 - PHP Notice:  Undefined variable: text_shopping_cart in D:\proj\opencart2\catalog\view\theme\default\template\common\footer.tpl on line 76
2019-10-13 7:30:13 - PHP Notice:  Undefined variable: checkout in D:\proj\opencart2\catalog\view\theme\default\template\common\footer.tpl on line 77
2019-10-13 7:30:13 - PHP Notice:  Undefined variable: text_checkout in D:\proj\opencart2\catalog\view\theme\default\template\common\footer.tpl on line 77
2019-10-13 7:30:13 - PHP Notice:  Undefined variable: text_checkout in D:\proj\opencart2\catalog\view\theme\default\template\common\footer.tpl on line 77
2019-10-13 7:32:28 - PHP Notice:  Undefined variable: name in D:\proj\opencart2\catalog\view\theme\default\template\common\footer.tpl on line 6
2019-10-13 7:32:28 - PHP Notice:  Undefined variable: name in D:\proj\opencart2\catalog\view\theme\default\template\common\footer.tpl on line 6
2019-10-13 7:32:28 - PHP Notice:  Undefined variable: name in D:\proj\opencart2\catalog\view\theme\default\template\common\footer.tpl on line 60
2019-10-13 7:32:28 - PHP Notice:  Undefined variable: name in D:\proj\opencart2\catalog\view\theme\default\template\common\footer.tpl on line 60
2019-10-13 7:32:28 - PHP Notice:  Undefined variable: logged in D:\proj\opencart2\catalog\view\theme\default\template\common\footer.tpl on line 63
2019-10-13 7:32:28 - PHP Notice:  Undefined variable: register in D:\proj\opencart2\catalog\view\theme\default\template\common\footer.tpl on line 70
2019-10-13 7:32:28 - PHP Notice:  Undefined variable: text_register in D:\proj\opencart2\catalog\view\theme\default\template\common\footer.tpl on line 70
2019-10-13 7:32:28 - PHP Notice:  Undefined variable: login in D:\proj\opencart2\catalog\view\theme\default\template\common\footer.tpl on line 71
2019-10-13 7:32:28 - PHP Notice:  Undefined variable: text_login in D:\proj\opencart2\catalog\view\theme\default\template\common\footer.tpl on line 71
2019-10-13 7:32:28 - PHP Notice:  Undefined variable: shopping_cart in D:\proj\opencart2\catalog\view\theme\default\template\common\footer.tpl on line 77
2019-10-13 7:32:28 - PHP Notice:  Undefined variable: text_shopping_cart in D:\proj\opencart2\catalog\view\theme\default\template\common\footer.tpl on line 77
2019-10-13 7:32:28 - PHP Notice:  Undefined variable: text_shopping_cart in D:\proj\opencart2\catalog\view\theme\default\template\common\footer.tpl on line 77
2019-10-13 7:32:28 - PHP Notice:  Undefined variable: checkout in D:\proj\opencart2\catalog\view\theme\default\template\common\footer.tpl on line 78
2019-10-13 7:32:28 - PHP Notice:  Undefined variable: text_checkout in D:\proj\opencart2\catalog\view\theme\default\template\common\footer.tpl on line 78
2019-10-13 7:32:28 - PHP Notice:  Undefined variable: text_checkout in D:\proj\opencart2\catalog\view\theme\default\template\common\footer.tpl on line 78
2019-10-13 7:32:52 - PHP Notice:  Undefined variable: name in D:\proj\opencart2\catalog\view\theme\default\template\common\footer.tpl on line 6
2019-10-13 7:32:52 - PHP Notice:  Undefined variable: name in D:\proj\opencart2\catalog\view\theme\default\template\common\footer.tpl on line 6
2019-10-13 7:32:52 - PHP Notice:  Undefined variable: name in D:\proj\opencart2\catalog\view\theme\default\template\common\footer.tpl on line 60
2019-10-13 7:32:52 - PHP Notice:  Undefined variable: name in D:\proj\opencart2\catalog\view\theme\default\template\common\footer.tpl on line 60
2019-10-13 7:32:52 - PHP Notice:  Undefined variable: logged in D:\proj\opencart2\catalog\view\theme\default\template\common\footer.tpl on line 63
2019-10-13 7:32:52 - PHP Notice:  Undefined variable: register in D:\proj\opencart2\catalog\view\theme\default\template\common\footer.tpl on line 70
2019-10-13 7:32:52 - PHP Notice:  Undefined variable: text_register in D:\proj\opencart2\catalog\view\theme\default\template\common\footer.tpl on line 70
2019-10-13 7:32:52 - PHP Notice:  Undefined variable: login in D:\proj\opencart2\catalog\view\theme\default\template\common\footer.tpl on line 71
2019-10-13 7:32:52 - PHP Notice:  Undefined variable: text_login in D:\proj\opencart2\catalog\view\theme\default\template\common\footer.tpl on line 71
2019-10-13 7:32:52 - PHP Notice:  Undefined variable: shopping_cart in D:\proj\opencart2\catalog\view\theme\default\template\common\footer.tpl on line 77
2019-10-13 7:32:52 - PHP Notice:  Undefined variable: text_shopping_cart in D:\proj\opencart2\catalog\view\theme\default\template\common\footer.tpl on line 77
2019-10-13 7:32:52 - PHP Notice:  Undefined variable: text_shopping_cart in D:\proj\opencart2\catalog\view\theme\default\template\common\footer.tpl on line 77
2019-10-13 7:32:52 - PHP Notice:  Undefined variable: checkout in D:\proj\opencart2\catalog\view\theme\default\template\common\footer.tpl on line 78
2019-10-13 7:32:52 - PHP Notice:  Undefined variable: text_checkout in D:\proj\opencart2\catalog\view\theme\default\template\common\footer.tpl on line 78
2019-10-13 7:32:52 - PHP Notice:  Undefined variable: text_checkout in D:\proj\opencart2\catalog\view\theme\default\template\common\footer.tpl on line 78
2019-10-13 7:33:45 - PHP Notice:  Undefined variable: name in D:\proj\opencart2\catalog\view\theme\default\template\common\footer.tpl on line 6
2019-10-13 7:33:45 - PHP Notice:  Undefined variable: name in D:\proj\opencart2\catalog\view\theme\default\template\common\footer.tpl on line 6
2019-10-13 7:33:45 - PHP Notice:  Undefined variable: name in D:\proj\opencart2\catalog\view\theme\default\template\common\footer.tpl on line 61
2019-10-13 7:33:45 - PHP Notice:  Undefined variable: name in D:\proj\opencart2\catalog\view\theme\default\template\common\footer.tpl on line 61
2019-10-13 7:33:45 - PHP Notice:  Undefined variable: logged in D:\proj\opencart2\catalog\view\theme\default\template\common\footer.tpl on line 64
2019-10-13 7:33:45 - PHP Notice:  Undefined variable: register in D:\proj\opencart2\catalog\view\theme\default\template\common\footer.tpl on line 71
2019-10-13 7:33:45 - PHP Notice:  Undefined variable: text_register in D:\proj\opencart2\catalog\view\theme\default\template\common\footer.tpl on line 71
2019-10-13 7:33:45 - PHP Notice:  Undefined variable: login in D:\proj\opencart2\catalog\view\theme\default\template\common\footer.tpl on line 72
2019-10-13 7:33:45 - PHP Notice:  Undefined variable: text_login in D:\proj\opencart2\catalog\view\theme\default\template\common\footer.tpl on line 72
2019-10-13 7:33:45 - PHP Notice:  Undefined variable: shopping_cart in D:\proj\opencart2\catalog\view\theme\default\template\common\footer.tpl on line 78
2019-10-13 7:33:45 - PHP Notice:  Undefined variable: text_shopping_cart in D:\proj\opencart2\catalog\view\theme\default\template\common\footer.tpl on line 78
2019-10-13 7:33:45 - PHP Notice:  Undefined variable: text_shopping_cart in D:\proj\opencart2\catalog\view\theme\default\template\common\footer.tpl on line 78
2019-10-13 7:33:45 - PHP Notice:  Undefined variable: checkout in D:\proj\opencart2\catalog\view\theme\default\template\common\footer.tpl on line 79
2019-10-13 7:33:45 - PHP Notice:  Undefined variable: text_checkout in D:\proj\opencart2\catalog\view\theme\default\template\common\footer.tpl on line 79
2019-10-13 7:33:45 - PHP Notice:  Undefined variable: text_checkout in D:\proj\opencart2\catalog\view\theme\default\template\common\footer.tpl on line 79
2019-10-13 7:33:55 - PHP Notice:  Undefined variable: name in D:\proj\opencart2\catalog\view\theme\default\template\common\footer.tpl on line 6
2019-10-13 7:33:55 - PHP Notice:  Undefined variable: name in D:\proj\opencart2\catalog\view\theme\default\template\common\footer.tpl on line 6
2019-10-13 7:36:30 - PHP Notice:  Undefined variable: name in D:\proj\opencart2\catalog\view\theme\default\template\common\footer.tpl on line 6
2019-10-13 7:36:30 - PHP Notice:  Undefined variable: name in D:\proj\opencart2\catalog\view\theme\default\template\common\footer.tpl on line 6
