2019-10-12 10:50:58 - MOD: Modification Default

FILE: system/engine/action.php
REGEX: ~(require|include)(_once)?\(([^)]+)~
LINE: 41

FILE: system/engine/loader.php
REGEX: ~(require|include)(_once)?\(([^)]+)~
LINE: 49
LINE: 108
LINE: 120
LINE: 165

FILE: system/library/config.php
REGEX: ~(require|include)(_once)?\(([^)]+)~
LINE: 23

FILE: system/library/language.php
REGEX: ~(require|include)(_once)?\(([^)]+)~
LINE: 38
LINE: 40
LINE: 49
LINE: 51
LINE: 60
LINE: 62

FILE: system/library/template/php.php
REGEX: ~(require|include)(_once)?\(([^)]+)~
LINE: 18

FILE: system/library/template/tiwg.php
REGEX: ~(require|include)(_once)?\(([^)]+)~
LINE: 24
----------------------------------------------------------------
MOD: Tweak for OpenCart 2x Russkaya sborka

FILE: admin/view/template/common/header.tpl
CODE: <?php foreach ($links as $link) { ?>
LINE: 33
CODE: <li><a href="http://www.opencart.com" target="_blank"><?php echo $text_homepage; ?></a></li>
LINE: 81
CODE: <li><a href="http://docs.opencart.com" target="_blank"><?php echo $text_documentation; ?></a></li>
LINE: 84
CODE: <li><a href="http://forum.opencart.com" target="_blank"><?php echo $text_support; ?></a></li>
LINE: 87

FILE: admin/view/template/catalog/product_form.tpl
CODE: <label class="col-sm-2 control-label" for="input-sku"><span data-toggle="tooltip" title="<?php echo $help_sku; ?>"><?php echo $entry_sku; ?></span></label>
LINE: 109
CODE: <label class="col-sm-2 control-label" for="input-sku">
LINE: 115
CODE: <label class="col-sm-2 control-label" for="input-location"><?php echo $entry_location; ?></label>
LINE: 155
CODE: <input type="text" name="model" value="<?php echo $model; ?>" placeholder="<?php echo $entry_model; ?>" id="input-model" class="form-control" />
LINE: 101

FILE: admin/view/template/tool/backup.tpl
CODE: <input type="file" name="import" id="input-import" />
LINE: 36

FILE: admin/controller/common/filemanager.php
CODE: $this->load->language('common/filemanager');
LINE: 13
CODE: // Parent
LINE: 148
CODE: $pagination = new Pagination();
LINE: 209
CODE: $directory = rtrim(DIR_IMAGE . 'catalog/' . str_replace('*', '', $this->request->get['directory']), '/');
LINE: 33
CODE: public function index() {
LINE: 10
CODE: $filename = basename(html_entity_decode($file['name'], ENT_QUOTES, 'UTF-8'));
LINE: 272
CODE: $folder = basename(html_entity_decode($this->request->post['folder'], ENT_QUOTES, 'UTF-8'));
LINE: 352
CODE: $filter_name = rtrim(str_replace('*', '', $this->request->get['filter_name']), '/');
LINE: 31
CODE: if (substr(str_replace('\\', '/', realpath($directory . '/' . $filter_name)), 0, strlen(DIR_IMAGE . 'catalog')) == DIR_IMAGE . 'catalog') {
LINE: 61

FILE: admin/view/template/common/filemanager.tpl
CODE: <?php foreach (array_chunk($images, 4) as $image) { ?>
LINE: 34

FILE: catalog/controller/tool/upload.php
CODE: public function index() {
LINE: 10
CODE: $filename = basename(preg_replace('/[^a-zA-Z0-9\.\-\s+]/', '', html_entity_decode($this->request->files['file']['name'], ENT_QUOTES, 'UTF-8')));
LINE: 17
CODE: <script type="text/javascript" src="view/javascript/summernote/summernote.js"></script>
LINE: 939

FILE: admin/view/template/catalog/information_form.tpl
CODE: <script type="text/javascript" src="view/javascript/summernote/summernote.js"></script>
LINE: 209

FILE: admin/view/template/catalog/category_form.tpl
CODE: <script type="text/javascript" src="view/javascript/summernote/summernote.js"></script>
LINE: 241

FILE: admin/view/template/extension/module/html.tpl
CODE: <script type="text/javascript" src="view/javascript/summernote/summernote.js"></script>
LINE: 80

FILE: admin/view/template/marketing/contact.tpl
CODE: <script type="text/javascript" src="view/javascript/summernote/summernote.js"></script>
LINE: 95

FILE: admin/view/template/extension/extension.tpl
CODE: <?php echo $header; ?><?php echo $column_left; ?>
LINE: 1

FILE: admin/controller/common/column_left.php
CODE: $data['lastname'] = $user_info['lastname'];
LINE: 17
CODE: $data['lastname'] = '';
LINE: 31

FILE: system/library/pagination.php
CODE: $output .= '<li><a href="' . str_replace(array('&amp;page={page}', '&page={page}'), '', $this->url) . '">' . $this->text_first . '</a></li>';
LINE: 35
CODE: $output .= '<li><a href="' . str_replace(array('&amp;page={page}', '&page={page}'), '', $this->url) . '">' . $this->text_prev . '</a></li>';
LINE: 40
CODE: $output .= '<li><a href="' . str_replace(array('&amp;page={page}', '&page={page}'), '', $this->url) . '">' . $i . '</a></li>';
LINE: 72

FILE: catalog/controller/startup/startup.php
CODE: $this->registry->set('openbay', new Openbay($this->registry));
LINE: 196

FILE: catalog/controller/information/contact.php
CODE: $mail->setFrom($this->request->post['email']);
LINE: 20
----------------------------------------------------------------
MOD: Local copy OCMOD

FILE: admin/controller/extension/installer.php
CODE: 'url'  => str_replace('&amp;', '&', $this->url->link('extension/installer/ftp', 'token=' . $this->session->data['token'],
LINE: 131
CODE: public function unzip() {
LINE: 292
----------------------------------------------------------------
2019-10-12 10:51:28 - MOD: Modification Default

FILE: system/engine/action.php
REGEX: ~(require|include)(_once)?\(([^)]+)~
LINE: 41

FILE: system/engine/loader.php
REGEX: ~(require|include)(_once)?\(([^)]+)~
LINE: 49
LINE: 108
LINE: 120
LINE: 165

FILE: system/library/config.php
REGEX: ~(require|include)(_once)?\(([^)]+)~
LINE: 23

FILE: system/library/language.php
REGEX: ~(require|include)(_once)?\(([^)]+)~
LINE: 38
LINE: 40
LINE: 49
LINE: 51
LINE: 60
LINE: 62

FILE: system/library/template/php.php
REGEX: ~(require|include)(_once)?\(([^)]+)~
LINE: 18

FILE: system/library/template/tiwg.php
REGEX: ~(require|include)(_once)?\(([^)]+)~
LINE: 24
----------------------------------------------------------------
MOD: Tweak for OpenCart 2x Russkaya sborka

FILE: admin/view/template/common/header.tpl
CODE: <?php foreach ($links as $link) { ?>
LINE: 33
CODE: <li><a href="http://www.opencart.com" target="_blank"><?php echo $text_homepage; ?></a></li>
LINE: 81
CODE: <li><a href="http://docs.opencart.com" target="_blank"><?php echo $text_documentation; ?></a></li>
LINE: 84
CODE: <li><a href="http://forum.opencart.com" target="_blank"><?php echo $text_support; ?></a></li>
LINE: 87

FILE: admin/view/template/catalog/product_form.tpl
CODE: <label class="col-sm-2 control-label" for="input-sku"><span data-toggle="tooltip" title="<?php echo $help_sku; ?>"><?php echo $entry_sku; ?></span></label>
LINE: 109
CODE: <label class="col-sm-2 control-label" for="input-sku">
LINE: 115
CODE: <label class="col-sm-2 control-label" for="input-location"><?php echo $entry_location; ?></label>
LINE: 155
CODE: <input type="text" name="model" value="<?php echo $model; ?>" placeholder="<?php echo $entry_model; ?>" id="input-model" class="form-control" />
LINE: 101

FILE: admin/view/template/tool/backup.tpl
CODE: <input type="file" name="import" id="input-import" />
LINE: 36

FILE: admin/controller/common/filemanager.php
CODE: $this->load->language('common/filemanager');
LINE: 13
CODE: // Parent
LINE: 148
CODE: $pagination = new Pagination();
LINE: 209
CODE: $directory = rtrim(DIR_IMAGE . 'catalog/' . str_replace('*', '', $this->request->get['directory']), '/');
LINE: 33
CODE: public function index() {
LINE: 10
CODE: $filename = basename(html_entity_decode($file['name'], ENT_QUOTES, 'UTF-8'));
LINE: 272
CODE: $folder = basename(html_entity_decode($this->request->post['folder'], ENT_QUOTES, 'UTF-8'));
LINE: 352
CODE: $filter_name = rtrim(str_replace('*', '', $this->request->get['filter_name']), '/');
LINE: 31
CODE: if (substr(str_replace('\\', '/', realpath($directory . '/' . $filter_name)), 0, strlen(DIR_IMAGE . 'catalog')) == DIR_IMAGE . 'catalog') {
LINE: 61

FILE: admin/view/template/common/filemanager.tpl
CODE: <?php foreach (array_chunk($images, 4) as $image) { ?>
LINE: 34

FILE: catalog/controller/tool/upload.php
CODE: public function index() {
LINE: 10
CODE: $filename = basename(preg_replace('/[^a-zA-Z0-9\.\-\s+]/', '', html_entity_decode($this->request->files['file']['name'], ENT_QUOTES, 'UTF-8')));
LINE: 17
CODE: <script type="text/javascript" src="view/javascript/summernote/summernote.js"></script>
LINE: 939

FILE: admin/view/template/catalog/information_form.tpl
CODE: <script type="text/javascript" src="view/javascript/summernote/summernote.js"></script>
LINE: 209

FILE: admin/view/template/catalog/category_form.tpl
CODE: <script type="text/javascript" src="view/javascript/summernote/summernote.js"></script>
LINE: 241

FILE: admin/view/template/extension/module/html.tpl
CODE: <script type="text/javascript" src="view/javascript/summernote/summernote.js"></script>
LINE: 80

FILE: admin/view/template/marketing/contact.tpl
CODE: <script type="text/javascript" src="view/javascript/summernote/summernote.js"></script>
LINE: 95

FILE: admin/view/template/extension/extension.tpl
CODE: <?php echo $header; ?><?php echo $column_left; ?>
LINE: 1

FILE: admin/controller/common/column_left.php
CODE: $data['lastname'] = $user_info['lastname'];
LINE: 17
CODE: $data['lastname'] = '';
LINE: 31

FILE: system/library/pagination.php
CODE: $output .= '<li><a href="' . str_replace(array('&amp;page={page}', '&page={page}'), '', $this->url) . '">' . $this->text_first . '</a></li>';
LINE: 35
CODE: $output .= '<li><a href="' . str_replace(array('&amp;page={page}', '&page={page}'), '', $this->url) . '">' . $this->text_prev . '</a></li>';
LINE: 40
CODE: $output .= '<li><a href="' . str_replace(array('&amp;page={page}', '&page={page}'), '', $this->url) . '">' . $i . '</a></li>';
LINE: 72

FILE: catalog/controller/startup/startup.php
CODE: $this->registry->set('openbay', new Openbay($this->registry));
LINE: 196

FILE: catalog/controller/information/contact.php
CODE: $mail->setFrom($this->request->post['email']);
LINE: 20
----------------------------------------------------------------
MOD: Exchange Module for OpenCart 2.3
CODE: if ($this->user->hasPermission('access', 'extension/event')) {
LINE: 204

FILE: catalog/language/ru-ru/checkout/cart.php
CODE: $_['column_price']          = 'Цена за шт.';
LINE: 34
CODE: $_['column_price']          = 'Цена за шт.';
LINE: 34

FILE: catalog/controller/checkout/cart.php
CODE: $data['column_price'] = $this->language->get('column_price');
LINE: 31
CODE: $this->load->model('tool/upload');
LINE: 73
CODE: 'price'     => $price,
LINE: 163
CODE: $this->cart->add($this->request->post['product_id'], $quantity, $option, $recurring_id);
LINE: 343

FILE: catalog/view/theme/default/template/checkout/cart.tpl
CODE: <td class="text-right"><?php echo $column_price; ?></td>
LINE: 46
CODE: <td class="text-right"><?php echo $product['price']; ?></td>
LINE: 82

FILE: system/library/cart/cart.php
CODE: 'price'           => ($price + $option_price),
LINE: 251
CODE: public function add($product_id, $quantity = 1, $option = array(), $recurring_id = 0) {
LINE: 272
CODE: $this->db->query("INSERT " . DB_PREFIX . "cart SET api_id = '" . (isset($this->session->data['api_id']) ? (int)$this->session->data['api_id'] : 0) . "', customer_id = '" . (int)$this->customer->getId() . "', session_id = '" . $this->db->escape($this->session->getId()) . "', product_id = '" . (int)$product_id . "', recurring_id = '" . (int)$recurring_id . "', `option` = '" . $this->db->escape(json_encode($option)) . "', quantity = '" . (int)$quantity . "', date_added = NOW()");
LINE: 276

FILE: catalog/language/ru-ru/checkout/checkout.php
CODE: $_['column_price']                   = 'Цена';
LINE: 47
CODE: $_['column_price']          = 'Цена за шт.';
NOT FOUND - OPERATIONS ABORTED!

FILE: catalog/controller/checkout/confirm.php
CODE: $data['column_price'] = $this->language->get('column_price');
LINE: 336
CODE: $order_data['products'] = array();
LINE: 211
CODE: price'      => $this->currency->format($this->tax->calculate($product['price'], $product['tax_class_id'], $this->config->get('config_tax')), $this->session->data['currency']),
LINE: 398
CODE: 'price'      => $product['price'],
LINE: 237

FILE: catalog/view/theme/default/template/checkout/confirm.tpl
CODE: <td class="text-right"><?php echo $column_price; ?></td>
LINE: 9
CODE: <td class="text-right"><?php echo $product['price']; ?></td>
LINE: 28
CODE: <td class="text-right"><?php echo $voucher['amount']; ?></td>
LINE: 39
CODE: <td colspan="4" class="text-right"><strong><?php echo $total['title']; ?>:</strong></td>
LINE: 46

FILE: catalog/controller/account/order.php
CODE: $data['column_price'] = $this->language->get('column_price');
LINE: 169
CODE: $this->load->model('tool/upload');
LINE: 279
CODE: $data['products'][] = array(
LINE: 319

FILE: catalog/model/checkout/order.php
CODE: public function addOrder($data) {
LINE: 11
CODE: $this->db->query("INSERT INTO " . DB_PREFIX . "order_product SET order_id = '" . (int)$order_id . "', product_id = '" . (int)$product['product_id'] . "', name = '" . $this->db->escape($product['name']) . "', model = '" . $this->db->escape($product['model']) . "', quantity = '" . (int)$product['quantity'] . "', price = '" . (float)$product['price'] . "', total = '" . (float)$product['total'] . "', tax = '" . (float)$product['tax'] . "', reward = '" . (int)$product['reward'] . "'");
LINE: 19
LINE: 67

FILE: catalog/view/theme/default/template/account/order_info.tpl
CODE: <td class="text-right"><?php echo $column_price; ?></td>
LINE: 75
CODE: <td class="text-right"><?php echo $product['price']; ?></td>
LINE: 93
CODE: <td class="text-right"><?php echo $voucher['amount']; ?></td>
LINE: 108
CODE: <td colspan="3"></td>
LINE: 118
CODE: <td class="text-right"><b><?php echo $total['title']; ?></b></td>
LINE: 119

FILE: catalog/language/ru-ru/account/order.php
CODE: $_['column_price']          = 'Цена';
LINE: 29

FILE: catalog/controller/product/product.php
CODE: if ($product_info['quantity'] <= 0) {
LINE: 372
CODE: $product_option_value_data[] = array(
LINE: 459
CODE: 'product_option_value_id' => $option_value['product_option_value_id'],
LINE: 464

FILE: catalog/model/catalog/product.php
CODE: public function getTotalProductSpecials() {
LINE: 545

FILE: admin/model/sale/order.php
CODE: 'order_id'                => $order_query->row['order_id'],
LINE: 101

FILE: catalog/view/theme/default/template/product/product.tpl
CODE: <li><?php echo $text_stock; ?> <?php echo $stock; ?></li>
LINE: 134
CODE: <h2><?php echo $price; ?></h2>
LINE: 140
CODE: <li><?php echo $text_tax; ?> <?php echo $tax; ?></li>
LINE: 149
CODE: <li><?php echo $text_points; ?> <?php echo $points; ?></li>
LINE: 152
CODE: <option value="<?php echo $option_value['product_option_value_id']; ?>">
LINE: 175
CODE: <input type="radio" name="option[<?php echo $option['product_option_id']; ?>]"
LINE: 191
CODE: <input type="checkbox" name="option[<?php echo $option['product_option_id']; ?>][]"
LINE: 212
CODE: <input type="hidden" name="product_id" value="<?php echo $product_id; ?>" />
LINE: 296
CODE: $(document).ready(function() {
LINE: 1073
CODE: $(document).ready(function() {
LINE: 1101
----------------------------------------------------------------
MOD: Local copy OCMOD

FILE: admin/controller/extension/installer.php
CODE: 'url'  => str_replace('&amp;', '&', $this->url->link('extension/installer/ftp', 'token=' . $this->session->data['token'],
LINE: 131
CODE: public function unzip() {
LINE: 292
----------------------------------------------------------------
2019-10-13 3:40:18 - MOD: Modification Default

FILE: system/engine/action.php
REGEX: ~(require|include)(_once)?\(([^)]+)~
LINE: 41

FILE: system/engine/loader.php
REGEX: ~(require|include)(_once)?\(([^)]+)~
LINE: 49
LINE: 108
LINE: 120
LINE: 165

FILE: system/library/config.php
REGEX: ~(require|include)(_once)?\(([^)]+)~
LINE: 23

FILE: system/library/language.php
REGEX: ~(require|include)(_once)?\(([^)]+)~
LINE: 38
LINE: 40
LINE: 49
LINE: 51
LINE: 60
LINE: 62

FILE: system/library/template/php.php
REGEX: ~(require|include)(_once)?\(([^)]+)~
LINE: 18

FILE: system/library/template/tiwg.php
REGEX: ~(require|include)(_once)?\(([^)]+)~
LINE: 24
----------------------------------------------------------------
MOD: Tweak for OpenCart 2x Russkaya sborka

FILE: admin/view/template/common/header.tpl
CODE: <?php foreach ($links as $link) { ?>
LINE: 33
CODE: <li><a href="http://www.opencart.com" target="_blank"><?php echo $text_homepage; ?></a></li>
LINE: 81
CODE: <li><a href="http://docs.opencart.com" target="_blank"><?php echo $text_documentation; ?></a></li>
LINE: 84
CODE: <li><a href="http://forum.opencart.com" target="_blank"><?php echo $text_support; ?></a></li>
LINE: 87

FILE: admin/view/template/catalog/product_form.tpl
CODE: <label class="col-sm-2 control-label" for="input-sku"><span data-toggle="tooltip" title="<?php echo $help_sku; ?>"><?php echo $entry_sku; ?></span></label>
LINE: 109
CODE: <label class="col-sm-2 control-label" for="input-sku">
LINE: 115
CODE: <label class="col-sm-2 control-label" for="input-location"><?php echo $entry_location; ?></label>
LINE: 155
CODE: <input type="text" name="model" value="<?php echo $model; ?>" placeholder="<?php echo $entry_model; ?>" id="input-model" class="form-control" />
LINE: 101

FILE: admin/view/template/tool/backup.tpl
CODE: <input type="file" name="import" id="input-import" />
LINE: 36

FILE: admin/controller/common/filemanager.php
CODE: $this->load->language('common/filemanager');
LINE: 13
CODE: // Parent
LINE: 148
CODE: $pagination = new Pagination();
LINE: 209
CODE: $directory = rtrim(DIR_IMAGE . 'catalog/' . str_replace('*', '', $this->request->get['directory']), '/');
LINE: 33
CODE: public function index() {
LINE: 10
CODE: $filename = basename(html_entity_decode($file['name'], ENT_QUOTES, 'UTF-8'));
LINE: 272
CODE: $folder = basename(html_entity_decode($this->request->post['folder'], ENT_QUOTES, 'UTF-8'));
LINE: 352
CODE: $filter_name = rtrim(str_replace('*', '', $this->request->get['filter_name']), '/');
LINE: 31
CODE: if (substr(str_replace('\\', '/', realpath($directory . '/' . $filter_name)), 0, strlen(DIR_IMAGE . 'catalog')) == DIR_IMAGE . 'catalog') {
LINE: 61

FILE: admin/view/template/common/filemanager.tpl
CODE: <?php foreach (array_chunk($images, 4) as $image) { ?>
LINE: 34

FILE: catalog/controller/tool/upload.php
CODE: public function index() {
LINE: 10
CODE: $filename = basename(preg_replace('/[^a-zA-Z0-9\.\-\s+]/', '', html_entity_decode($this->request->files['file']['name'], ENT_QUOTES, 'UTF-8')));
LINE: 17
CODE: <script type="text/javascript" src="view/javascript/summernote/summernote.js"></script>
LINE: 939

FILE: admin/view/template/catalog/information_form.tpl
CODE: <script type="text/javascript" src="view/javascript/summernote/summernote.js"></script>
LINE: 209

FILE: admin/view/template/catalog/category_form.tpl
CODE: <script type="text/javascript" src="view/javascript/summernote/summernote.js"></script>
LINE: 241

FILE: admin/view/template/extension/module/html.tpl
CODE: <script type="text/javascript" src="view/javascript/summernote/summernote.js"></script>
LINE: 80

FILE: admin/view/template/marketing/contact.tpl
CODE: <script type="text/javascript" src="view/javascript/summernote/summernote.js"></script>
LINE: 95

FILE: admin/view/template/extension/extension.tpl
CODE: <?php echo $header; ?><?php echo $column_left; ?>
LINE: 1

FILE: admin/controller/common/column_left.php
CODE: $data['lastname'] = $user_info['lastname'];
LINE: 17
CODE: $data['lastname'] = '';
LINE: 31

FILE: system/library/pagination.php
CODE: $output .= '<li><a href="' . str_replace(array('&amp;page={page}', '&page={page}'), '', $this->url) . '">' . $this->text_first . '</a></li>';
LINE: 35
CODE: $output .= '<li><a href="' . str_replace(array('&amp;page={page}', '&page={page}'), '', $this->url) . '">' . $this->text_prev . '</a></li>';
LINE: 40
CODE: $output .= '<li><a href="' . str_replace(array('&amp;page={page}', '&page={page}'), '', $this->url) . '">' . $i . '</a></li>';
LINE: 72

FILE: catalog/controller/startup/startup.php
CODE: $this->registry->set('openbay', new Openbay($this->registry));
LINE: 196

FILE: catalog/controller/information/contact.php
CODE: $mail->setFrom($this->request->post['email']);
LINE: 20
----------------------------------------------------------------
MOD: Exchange Module for OpenCart 2.3
CODE: if ($this->user->hasPermission('access', 'extension/event')) {
LINE: 204

FILE: catalog/language/ru-ru/checkout/cart.php
CODE: $_['column_price']          = 'Цена за шт.';
LINE: 34
CODE: $_['column_price']          = 'Цена за шт.';
LINE: 34

FILE: catalog/controller/checkout/cart.php
CODE: $data['column_price'] = $this->language->get('column_price');
LINE: 31
CODE: $this->load->model('tool/upload');
LINE: 73
CODE: 'price'     => $price,
LINE: 163
CODE: $this->cart->add($this->request->post['product_id'], $quantity, $option, $recurring_id);
LINE: 343

FILE: catalog/view/theme/default/template/checkout/cart.tpl
CODE: <td class="text-right"><?php echo $column_price; ?></td>
LINE: 46
CODE: <td class="text-right"><?php echo $product['price']; ?></td>
LINE: 82

FILE: system/library/cart/cart.php
CODE: 'price'           => ($price + $option_price),
LINE: 251
CODE: public function add($product_id, $quantity = 1, $option = array(), $recurring_id = 0) {
LINE: 272
CODE: $this->db->query("INSERT " . DB_PREFIX . "cart SET api_id = '" . (isset($this->session->data['api_id']) ? (int)$this->session->data['api_id'] : 0) . "', customer_id = '" . (int)$this->customer->getId() . "', session_id = '" . $this->db->escape($this->session->getId()) . "', product_id = '" . (int)$product_id . "', recurring_id = '" . (int)$recurring_id . "', `option` = '" . $this->db->escape(json_encode($option)) . "', quantity = '" . (int)$quantity . "', date_added = NOW()");
LINE: 276

FILE: catalog/language/ru-ru/checkout/checkout.php
CODE: $_['column_price']                   = 'Цена';
LINE: 47
CODE: $_['column_price']          = 'Цена за шт.';
NOT FOUND - OPERATIONS ABORTED!

FILE: catalog/controller/checkout/confirm.php
CODE: $data['column_price'] = $this->language->get('column_price');
LINE: 336
CODE: $order_data['products'] = array();
LINE: 211
CODE: price'      => $this->currency->format($this->tax->calculate($product['price'], $product['tax_class_id'], $this->config->get('config_tax')), $this->session->data['currency']),
LINE: 398
CODE: 'price'      => $product['price'],
LINE: 237

FILE: catalog/view/theme/default/template/checkout/confirm.tpl
CODE: <td class="text-right"><?php echo $column_price; ?></td>
LINE: 9
CODE: <td class="text-right"><?php echo $product['price']; ?></td>
LINE: 28
CODE: <td class="text-right"><?php echo $voucher['amount']; ?></td>
LINE: 39
CODE: <td colspan="4" class="text-right"><strong><?php echo $total['title']; ?>:</strong></td>
LINE: 46

FILE: catalog/controller/account/order.php
CODE: $data['column_price'] = $this->language->get('column_price');
LINE: 169
CODE: $this->load->model('tool/upload');
LINE: 279
CODE: $data['products'][] = array(
LINE: 319

FILE: catalog/model/checkout/order.php
CODE: public function addOrder($data) {
LINE: 11
CODE: $this->db->query("INSERT INTO " . DB_PREFIX . "order_product SET order_id = '" . (int)$order_id . "', product_id = '" . (int)$product['product_id'] . "', name = '" . $this->db->escape($product['name']) . "', model = '" . $this->db->escape($product['model']) . "', quantity = '" . (int)$product['quantity'] . "', price = '" . (float)$product['price'] . "', total = '" . (float)$product['total'] . "', tax = '" . (float)$product['tax'] . "', reward = '" . (int)$product['reward'] . "'");
LINE: 19
LINE: 67

FILE: catalog/view/theme/default/template/account/order_info.tpl
CODE: <td class="text-right"><?php echo $column_price; ?></td>
LINE: 75
CODE: <td class="text-right"><?php echo $product['price']; ?></td>
LINE: 93
CODE: <td class="text-right"><?php echo $voucher['amount']; ?></td>
LINE: 108
CODE: <td colspan="3"></td>
LINE: 118
CODE: <td class="text-right"><b><?php echo $total['title']; ?></b></td>
LINE: 119

FILE: catalog/language/ru-ru/account/order.php
CODE: $_['column_price']          = 'Цена';
LINE: 29

FILE: catalog/controller/product/product.php
CODE: if ($product_info['quantity'] <= 0) {
LINE: 372
CODE: $product_option_value_data[] = array(
LINE: 459
CODE: 'product_option_value_id' => $option_value['product_option_value_id'],
LINE: 464

FILE: catalog/model/catalog/product.php
CODE: public function getTotalProductSpecials() {
LINE: 545

FILE: admin/model/sale/order.php
CODE: 'order_id'                => $order_query->row['order_id'],
LINE: 101

FILE: catalog/view/theme/default/template/product/product.tpl
CODE: <li><?php echo $text_stock; ?> <?php echo $stock; ?></li>
LINE: 134
CODE: <h2><?php echo $price; ?></h2>
LINE: 140
CODE: <li><?php echo $text_tax; ?> <?php echo $tax; ?></li>
LINE: 149
CODE: <li><?php echo $text_points; ?> <?php echo $points; ?></li>
LINE: 152
CODE: <option value="<?php echo $option_value['product_option_value_id']; ?>">
LINE: 175
CODE: <input type="radio" name="option[<?php echo $option['product_option_id']; ?>]"
LINE: 191
CODE: <input type="checkbox" name="option[<?php echo $option['product_option_id']; ?>][]"
LINE: 212
CODE: <input type="hidden" name="product_id" value="<?php echo $product_id; ?>" />
LINE: 296
CODE: $(document).ready(function() {
LINE: 1073
CODE: $(document).ready(function() {
LINE: 1101
----------------------------------------------------------------
MOD: Local copy OCMOD

FILE: admin/controller/extension/installer.php
CODE: 'url'  => str_replace('&amp;', '&', $this->url->link('extension/installer/ftp', 'token=' . $this->session->data['token'],
LINE: 131
CODE: public function unzip() {
LINE: 292
----------------------------------------------------------------
2019-10-13 3:54:18 - MOD: Modification Default

FILE: system/engine/action.php
REGEX: ~(require|include)(_once)?\(([^)]+)~
LINE: 41

FILE: system/engine/loader.php
REGEX: ~(require|include)(_once)?\(([^)]+)~
LINE: 49
LINE: 108
LINE: 120
LINE: 165

FILE: system/library/config.php
REGEX: ~(require|include)(_once)?\(([^)]+)~
LINE: 23

FILE: system/library/language.php
REGEX: ~(require|include)(_once)?\(([^)]+)~
LINE: 38
LINE: 40
LINE: 49
LINE: 51
LINE: 60
LINE: 62

FILE: system/library/template/php.php
REGEX: ~(require|include)(_once)?\(([^)]+)~
LINE: 18

FILE: system/library/template/tiwg.php
REGEX: ~(require|include)(_once)?\(([^)]+)~
LINE: 24
----------------------------------------------------------------
MOD: Tweak for OpenCart 2x Russkaya sborka

FILE: admin/view/template/common/header.tpl
CODE: <?php foreach ($links as $link) { ?>
LINE: 33
CODE: <li><a href="http://www.opencart.com" target="_blank"><?php echo $text_homepage; ?></a></li>
LINE: 81
CODE: <li><a href="http://docs.opencart.com" target="_blank"><?php echo $text_documentation; ?></a></li>
LINE: 84
CODE: <li><a href="http://forum.opencart.com" target="_blank"><?php echo $text_support; ?></a></li>
LINE: 87

FILE: admin/view/template/catalog/product_form.tpl
CODE: <label class="col-sm-2 control-label" for="input-sku"><span data-toggle="tooltip" title="<?php echo $help_sku; ?>"><?php echo $entry_sku; ?></span></label>
LINE: 109
CODE: <label class="col-sm-2 control-label" for="input-sku">
LINE: 115
CODE: <label class="col-sm-2 control-label" for="input-location"><?php echo $entry_location; ?></label>
LINE: 155
CODE: <input type="text" name="model" value="<?php echo $model; ?>" placeholder="<?php echo $entry_model; ?>" id="input-model" class="form-control" />
LINE: 101

FILE: admin/view/template/tool/backup.tpl
CODE: <input type="file" name="import" id="input-import" />
LINE: 36

FILE: admin/controller/common/filemanager.php
CODE: $this->load->language('common/filemanager');
LINE: 13
CODE: // Parent
LINE: 148
CODE: $pagination = new Pagination();
LINE: 209
CODE: $directory = rtrim(DIR_IMAGE . 'catalog/' . str_replace('*', '', $this->request->get['directory']), '/');
LINE: 33
CODE: public function index() {
LINE: 10
CODE: $filename = basename(html_entity_decode($file['name'], ENT_QUOTES, 'UTF-8'));
LINE: 272
CODE: $folder = basename(html_entity_decode($this->request->post['folder'], ENT_QUOTES, 'UTF-8'));
LINE: 352
CODE: $filter_name = rtrim(str_replace('*', '', $this->request->get['filter_name']), '/');
LINE: 31
CODE: if (substr(str_replace('\\', '/', realpath($directory . '/' . $filter_name)), 0, strlen(DIR_IMAGE . 'catalog')) == DIR_IMAGE . 'catalog') {
LINE: 61

FILE: admin/view/template/common/filemanager.tpl
CODE: <?php foreach (array_chunk($images, 4) as $image) { ?>
LINE: 34

FILE: catalog/controller/tool/upload.php
CODE: public function index() {
LINE: 10
CODE: $filename = basename(preg_replace('/[^a-zA-Z0-9\.\-\s+]/', '', html_entity_decode($this->request->files['file']['name'], ENT_QUOTES, 'UTF-8')));
LINE: 17
CODE: <script type="text/javascript" src="view/javascript/summernote/summernote.js"></script>
LINE: 939

FILE: admin/view/template/catalog/information_form.tpl
CODE: <script type="text/javascript" src="view/javascript/summernote/summernote.js"></script>
LINE: 209

FILE: admin/view/template/catalog/category_form.tpl
CODE: <script type="text/javascript" src="view/javascript/summernote/summernote.js"></script>
LINE: 241

FILE: admin/view/template/extension/module/html.tpl
CODE: <script type="text/javascript" src="view/javascript/summernote/summernote.js"></script>
LINE: 80

FILE: admin/view/template/marketing/contact.tpl
CODE: <script type="text/javascript" src="view/javascript/summernote/summernote.js"></script>
LINE: 95

FILE: admin/view/template/extension/extension.tpl
CODE: <?php echo $header; ?><?php echo $column_left; ?>
LINE: 1

FILE: admin/controller/common/column_left.php
CODE: $data['lastname'] = $user_info['lastname'];
LINE: 17
CODE: $data['lastname'] = '';
LINE: 31

FILE: system/library/pagination.php
CODE: $output .= '<li><a href="' . str_replace(array('&amp;page={page}', '&page={page}'), '', $this->url) . '">' . $this->text_first . '</a></li>';
LINE: 35
CODE: $output .= '<li><a href="' . str_replace(array('&amp;page={page}', '&page={page}'), '', $this->url) . '">' . $this->text_prev . '</a></li>';
LINE: 40
CODE: $output .= '<li><a href="' . str_replace(array('&amp;page={page}', '&page={page}'), '', $this->url) . '">' . $i . '</a></li>';
LINE: 72

FILE: catalog/controller/startup/startup.php
CODE: $this->registry->set('openbay', new Openbay($this->registry));
LINE: 196

FILE: catalog/controller/information/contact.php
CODE: $mail->setFrom($this->request->post['email']);
LINE: 20
----------------------------------------------------------------
MOD: Exchange Module for OpenCart 2.3
CODE: if ($this->user->hasPermission('access', 'extension/event')) {
LINE: 204

FILE: catalog/language/ru-ru/checkout/cart.php
CODE: $_['column_price']          = 'Цена за шт.';
LINE: 34
CODE: $_['column_price']          = 'Цена за шт.';
LINE: 34

FILE: catalog/controller/checkout/cart.php
CODE: $data['column_price'] = $this->language->get('column_price');
LINE: 31
CODE: $this->load->model('tool/upload');
LINE: 73
CODE: 'price'     => $price,
LINE: 163
CODE: $this->cart->add($this->request->post['product_id'], $quantity, $option, $recurring_id);
LINE: 343

FILE: catalog/view/theme/default/template/checkout/cart.tpl
CODE: <td class="text-right"><?php echo $column_price; ?></td>
LINE: 46
CODE: <td class="text-right"><?php echo $product['price']; ?></td>
LINE: 82

FILE: system/library/cart/cart.php
CODE: 'price'           => ($price + $option_price),
LINE: 251
CODE: public function add($product_id, $quantity = 1, $option = array(), $recurring_id = 0) {
LINE: 272
CODE: $this->db->query("INSERT " . DB_PREFIX . "cart SET api_id = '" . (isset($this->session->data['api_id']) ? (int)$this->session->data['api_id'] : 0) . "', customer_id = '" . (int)$this->customer->getId() . "', session_id = '" . $this->db->escape($this->session->getId()) . "', product_id = '" . (int)$product_id . "', recurring_id = '" . (int)$recurring_id . "', `option` = '" . $this->db->escape(json_encode($option)) . "', quantity = '" . (int)$quantity . "', date_added = NOW()");
LINE: 276

FILE: catalog/language/ru-ru/checkout/checkout.php
CODE: $_['column_price']                   = 'Цена';
LINE: 47
CODE: $_['column_price']          = 'Цена за шт.';
NOT FOUND - OPERATIONS ABORTED!

FILE: catalog/controller/checkout/confirm.php
CODE: $data['column_price'] = $this->language->get('column_price');
LINE: 336
CODE: $order_data['products'] = array();
LINE: 211
CODE: price'      => $this->currency->format($this->tax->calculate($product['price'], $product['tax_class_id'], $this->config->get('config_tax')), $this->session->data['currency']),
LINE: 398
CODE: 'price'      => $product['price'],
LINE: 237

FILE: catalog/view/theme/default/template/checkout/confirm.tpl
CODE: <td class="text-right"><?php echo $column_price; ?></td>
LINE: 9
CODE: <td class="text-right"><?php echo $product['price']; ?></td>
LINE: 28
CODE: <td class="text-right"><?php echo $voucher['amount']; ?></td>
LINE: 39
CODE: <td colspan="4" class="text-right"><strong><?php echo $total['title']; ?>:</strong></td>
LINE: 46

FILE: catalog/controller/account/order.php
CODE: $data['column_price'] = $this->language->get('column_price');
LINE: 169
CODE: $this->load->model('tool/upload');
LINE: 279
CODE: $data['products'][] = array(
LINE: 319

FILE: catalog/model/checkout/order.php
CODE: public function addOrder($data) {
LINE: 11
CODE: $this->db->query("INSERT INTO " . DB_PREFIX . "order_product SET order_id = '" . (int)$order_id . "', product_id = '" . (int)$product['product_id'] . "', name = '" . $this->db->escape($product['name']) . "', model = '" . $this->db->escape($product['model']) . "', quantity = '" . (int)$product['quantity'] . "', price = '" . (float)$product['price'] . "', total = '" . (float)$product['total'] . "', tax = '" . (float)$product['tax'] . "', reward = '" . (int)$product['reward'] . "'");
LINE: 19
LINE: 67

FILE: catalog/view/theme/default/template/account/order_info.tpl
CODE: <td class="text-right"><?php echo $column_price; ?></td>
LINE: 75
CODE: <td class="text-right"><?php echo $product['price']; ?></td>
LINE: 93
CODE: <td class="text-right"><?php echo $voucher['amount']; ?></td>
LINE: 108
CODE: <td colspan="3"></td>
LINE: 118
CODE: <td class="text-right"><b><?php echo $total['title']; ?></b></td>
LINE: 119

FILE: catalog/language/ru-ru/account/order.php
CODE: $_['column_price']          = 'Цена';
LINE: 29

FILE: catalog/controller/product/product.php
CODE: if ($product_info['quantity'] <= 0) {
LINE: 372
CODE: $product_option_value_data[] = array(
LINE: 459
CODE: 'product_option_value_id' => $option_value['product_option_value_id'],
LINE: 464

FILE: catalog/model/catalog/product.php
CODE: public function getTotalProductSpecials() {
LINE: 545

FILE: admin/model/sale/order.php
CODE: 'order_id'                => $order_query->row['order_id'],
LINE: 101

FILE: catalog/view/theme/default/template/product/product.tpl
CODE: <li><?php echo $text_stock; ?> <?php echo $stock; ?></li>
LINE: 134
CODE: <h2><?php echo $price; ?></h2>
LINE: 140
CODE: <li><?php echo $text_tax; ?> <?php echo $tax; ?></li>
LINE: 149
CODE: <li><?php echo $text_points; ?> <?php echo $points; ?></li>
LINE: 152
CODE: <option value="<?php echo $option_value['product_option_value_id']; ?>">
LINE: 175
CODE: <input type="radio" name="option[<?php echo $option['product_option_id']; ?>]"
LINE: 191
CODE: <input type="checkbox" name="option[<?php echo $option['product_option_id']; ?>][]"
LINE: 212
CODE: <input type="hidden" name="product_id" value="<?php echo $product_id; ?>" />
LINE: 296
CODE: $(document).ready(function() {
LINE: 1073
CODE: $(document).ready(function() {
LINE: 1101
----------------------------------------------------------------
MOD: Local copy OCMOD

FILE: admin/controller/extension/installer.php
CODE: 'url'  => str_replace('&amp;', '&', $this->url->link('extension/installer/ftp', 'token=' . $this->session->data['token'],
LINE: 131
CODE: public function unzip() {
LINE: 292
----------------------------------------------------------------
2019-10-13 4:11:47 - MOD: Modification Default

FILE: system/engine/action.php
REGEX: ~(require|include)(_once)?\(([^)]+)~
LINE: 41

FILE: system/engine/loader.php
REGEX: ~(require|include)(_once)?\(([^)]+)~
LINE: 49
LINE: 108
LINE: 120
LINE: 165

FILE: system/library/config.php
REGEX: ~(require|include)(_once)?\(([^)]+)~
LINE: 23

FILE: system/library/language.php
REGEX: ~(require|include)(_once)?\(([^)]+)~
LINE: 38
LINE: 40
LINE: 49
LINE: 51
LINE: 60
LINE: 62

FILE: system/library/template/php.php
REGEX: ~(require|include)(_once)?\(([^)]+)~
LINE: 18

FILE: system/library/template/tiwg.php
REGEX: ~(require|include)(_once)?\(([^)]+)~
LINE: 24
----------------------------------------------------------------
MOD: Tweak for OpenCart 2x Russkaya sborka

FILE: admin/view/template/common/header.tpl
CODE: <?php foreach ($links as $link) { ?>
LINE: 33
CODE: <li><a href="http://www.opencart.com" target="_blank"><?php echo $text_homepage; ?></a></li>
LINE: 81
CODE: <li><a href="http://docs.opencart.com" target="_blank"><?php echo $text_documentation; ?></a></li>
LINE: 84
CODE: <li><a href="http://forum.opencart.com" target="_blank"><?php echo $text_support; ?></a></li>
LINE: 87

FILE: admin/view/template/catalog/product_form.tpl
CODE: <label class="col-sm-2 control-label" for="input-sku"><span data-toggle="tooltip" title="<?php echo $help_sku; ?>"><?php echo $entry_sku; ?></span></label>
LINE: 109
CODE: <label class="col-sm-2 control-label" for="input-sku">
LINE: 115
CODE: <label class="col-sm-2 control-label" for="input-location"><?php echo $entry_location; ?></label>
LINE: 155
CODE: <input type="text" name="model" value="<?php echo $model; ?>" placeholder="<?php echo $entry_model; ?>" id="input-model" class="form-control" />
LINE: 101

FILE: admin/view/template/tool/backup.tpl
CODE: <input type="file" name="import" id="input-import" />
LINE: 36

FILE: admin/controller/common/filemanager.php
CODE: $this->load->language('common/filemanager');
LINE: 13
CODE: // Parent
LINE: 148
CODE: $pagination = new Pagination();
LINE: 209
CODE: $directory = rtrim(DIR_IMAGE . 'catalog/' . str_replace('*', '', $this->request->get['directory']), '/');
LINE: 33
CODE: public function index() {
LINE: 10
CODE: $filename = basename(html_entity_decode($file['name'], ENT_QUOTES, 'UTF-8'));
LINE: 272
CODE: $folder = basename(html_entity_decode($this->request->post['folder'], ENT_QUOTES, 'UTF-8'));
LINE: 352
CODE: $filter_name = rtrim(str_replace('*', '', $this->request->get['filter_name']), '/');
LINE: 31
CODE: if (substr(str_replace('\\', '/', realpath($directory . '/' . $filter_name)), 0, strlen(DIR_IMAGE . 'catalog')) == DIR_IMAGE . 'catalog') {
LINE: 61

FILE: admin/view/template/common/filemanager.tpl
CODE: <?php foreach (array_chunk($images, 4) as $image) { ?>
LINE: 34

FILE: catalog/controller/tool/upload.php
CODE: public function index() {
LINE: 10
CODE: $filename = basename(preg_replace('/[^a-zA-Z0-9\.\-\s+]/', '', html_entity_decode($this->request->files['file']['name'], ENT_QUOTES, 'UTF-8')));
LINE: 17
CODE: <script type="text/javascript" src="view/javascript/summernote/summernote.js"></script>
LINE: 939

FILE: admin/view/template/catalog/information_form.tpl
CODE: <script type="text/javascript" src="view/javascript/summernote/summernote.js"></script>
LINE: 209

FILE: admin/view/template/catalog/category_form.tpl
CODE: <script type="text/javascript" src="view/javascript/summernote/summernote.js"></script>
LINE: 241

FILE: admin/view/template/extension/module/html.tpl
CODE: <script type="text/javascript" src="view/javascript/summernote/summernote.js"></script>
LINE: 80

FILE: admin/view/template/marketing/contact.tpl
CODE: <script type="text/javascript" src="view/javascript/summernote/summernote.js"></script>
LINE: 95

FILE: admin/view/template/extension/extension.tpl
CODE: <?php echo $header; ?><?php echo $column_left; ?>
LINE: 1

FILE: admin/controller/common/column_left.php
CODE: $data['lastname'] = $user_info['lastname'];
LINE: 17
CODE: $data['lastname'] = '';
LINE: 31

FILE: system/library/pagination.php
CODE: $output .= '<li><a href="' . str_replace(array('&amp;page={page}', '&page={page}'), '', $this->url) . '">' . $this->text_first . '</a></li>';
LINE: 35
CODE: $output .= '<li><a href="' . str_replace(array('&amp;page={page}', '&page={page}'), '', $this->url) . '">' . $this->text_prev . '</a></li>';
LINE: 40
CODE: $output .= '<li><a href="' . str_replace(array('&amp;page={page}', '&page={page}'), '', $this->url) . '">' . $i . '</a></li>';
LINE: 72

FILE: catalog/controller/startup/startup.php
CODE: $this->registry->set('openbay', new Openbay($this->registry));
LINE: 196

FILE: catalog/controller/information/contact.php
CODE: $mail->setFrom($this->request->post['email']);
LINE: 20
----------------------------------------------------------------
MOD: Exchange Module for OpenCart 2.3
CODE: if ($this->user->hasPermission('access', 'extension/event')) {
LINE: 204

FILE: catalog/language/ru-ru/checkout/cart.php
CODE: $_['column_price']          = 'Цена за шт.';
LINE: 34
CODE: $_['column_price']          = 'Цена за шт.';
LINE: 34

FILE: catalog/controller/checkout/cart.php
CODE: $data['column_price'] = $this->language->get('column_price');
LINE: 31
CODE: $this->load->model('tool/upload');
LINE: 73
CODE: 'price'     => $price,
LINE: 163
CODE: $this->cart->add($this->request->post['product_id'], $quantity, $option, $recurring_id);
LINE: 343

FILE: catalog/view/theme/default/template/checkout/cart.tpl
CODE: <td class="text-right"><?php echo $column_price; ?></td>
LINE: 46
CODE: <td class="text-right"><?php echo $product['price']; ?></td>
LINE: 82

FILE: system/library/cart/cart.php
CODE: 'price'           => ($price + $option_price),
LINE: 251
CODE: public function add($product_id, $quantity = 1, $option = array(), $recurring_id = 0) {
LINE: 272
CODE: $this->db->query("INSERT " . DB_PREFIX . "cart SET api_id = '" . (isset($this->session->data['api_id']) ? (int)$this->session->data['api_id'] : 0) . "', customer_id = '" . (int)$this->customer->getId() . "', session_id = '" . $this->db->escape($this->session->getId()) . "', product_id = '" . (int)$product_id . "', recurring_id = '" . (int)$recurring_id . "', `option` = '" . $this->db->escape(json_encode($option)) . "', quantity = '" . (int)$quantity . "', date_added = NOW()");
LINE: 276

FILE: catalog/language/ru-ru/checkout/checkout.php
CODE: $_['column_price']                   = 'Цена';
LINE: 47
CODE: $_['column_price']          = 'Цена за шт.';
NOT FOUND - OPERATIONS ABORTED!

FILE: catalog/controller/checkout/confirm.php
CODE: $data['column_price'] = $this->language->get('column_price');
LINE: 336
CODE: $order_data['products'] = array();
LINE: 211
CODE: price'      => $this->currency->format($this->tax->calculate($product['price'], $product['tax_class_id'], $this->config->get('config_tax')), $this->session->data['currency']),
LINE: 398
CODE: 'price'      => $product['price'],
LINE: 237

FILE: catalog/view/theme/default/template/checkout/confirm.tpl
CODE: <td class="text-right"><?php echo $column_price; ?></td>
LINE: 9
CODE: <td class="text-right"><?php echo $product['price']; ?></td>
LINE: 28
CODE: <td class="text-right"><?php echo $voucher['amount']; ?></td>
LINE: 39
CODE: <td colspan="4" class="text-right"><strong><?php echo $total['title']; ?>:</strong></td>
LINE: 46

FILE: catalog/controller/account/order.php
CODE: $data['column_price'] = $this->language->get('column_price');
LINE: 169
CODE: $this->load->model('tool/upload');
LINE: 279
CODE: $data['products'][] = array(
LINE: 319

FILE: catalog/model/checkout/order.php
CODE: public function addOrder($data) {
LINE: 11
CODE: $this->db->query("INSERT INTO " . DB_PREFIX . "order_product SET order_id = '" . (int)$order_id . "', product_id = '" . (int)$product['product_id'] . "', name = '" . $this->db->escape($product['name']) . "', model = '" . $this->db->escape($product['model']) . "', quantity = '" . (int)$product['quantity'] . "', price = '" . (float)$product['price'] . "', total = '" . (float)$product['total'] . "', tax = '" . (float)$product['tax'] . "', reward = '" . (int)$product['reward'] . "'");
LINE: 19
LINE: 67

FILE: catalog/view/theme/default/template/account/order_info.tpl
CODE: <td class="text-right"><?php echo $column_price; ?></td>
LINE: 75
CODE: <td class="text-right"><?php echo $product['price']; ?></td>
LINE: 93
CODE: <td class="text-right"><?php echo $voucher['amount']; ?></td>
LINE: 108
CODE: <td colspan="3"></td>
LINE: 118
CODE: <td class="text-right"><b><?php echo $total['title']; ?></b></td>
LINE: 119

FILE: catalog/language/ru-ru/account/order.php
CODE: $_['column_price']          = 'Цена';
LINE: 29

FILE: catalog/controller/product/product.php
CODE: if ($product_info['quantity'] <= 0) {
LINE: 372
CODE: $product_option_value_data[] = array(
LINE: 459
CODE: 'product_option_value_id' => $option_value['product_option_value_id'],
LINE: 464

FILE: catalog/model/catalog/product.php
CODE: public function getTotalProductSpecials() {
LINE: 545

FILE: admin/model/sale/order.php
CODE: 'order_id'                => $order_query->row['order_id'],
LINE: 101

FILE: catalog/view/theme/default/template/product/product.tpl
CODE: <li><?php echo $text_stock; ?> <?php echo $stock; ?></li>
LINE: 134
CODE: <h2><?php echo $price; ?></h2>
LINE: 140
CODE: <li><?php echo $text_tax; ?> <?php echo $tax; ?></li>
LINE: 149
CODE: <li><?php echo $text_points; ?> <?php echo $points; ?></li>
LINE: 152
CODE: <option value="<?php echo $option_value['product_option_value_id']; ?>">
LINE: 175
CODE: <input type="radio" name="option[<?php echo $option['product_option_id']; ?>]"
LINE: 191
CODE: <input type="checkbox" name="option[<?php echo $option['product_option_id']; ?>][]"
LINE: 212
CODE: <input type="hidden" name="product_id" value="<?php echo $product_id; ?>" />
LINE: 296
CODE: $(document).ready(function() {
LINE: 1073
CODE: $(document).ready(function() {
LINE: 1101
----------------------------------------------------------------
MOD: Local copy OCMOD

FILE: admin/controller/extension/installer.php
CODE: 'url'  => str_replace('&amp;', '&', $this->url->link('extension/installer/ftp', 'token=' . $this->session->data['token'],
LINE: 131
CODE: public function unzip() {
LINE: 292
----------------------------------------------------------------
2019-10-13 4:11:51 - MOD: Modification Default

FILE: system/engine/action.php
REGEX: ~(require|include)(_once)?\(([^)]+)~
LINE: 41

FILE: system/engine/loader.php
REGEX: ~(require|include)(_once)?\(([^)]+)~
LINE: 49
LINE: 108
LINE: 120
LINE: 165

FILE: system/library/config.php
REGEX: ~(require|include)(_once)?\(([^)]+)~
LINE: 23

FILE: system/library/language.php
REGEX: ~(require|include)(_once)?\(([^)]+)~
LINE: 38
LINE: 40
LINE: 49
LINE: 51
LINE: 60
LINE: 62

FILE: system/library/template/php.php
REGEX: ~(require|include)(_once)?\(([^)]+)~
LINE: 18

FILE: system/library/template/tiwg.php
REGEX: ~(require|include)(_once)?\(([^)]+)~
LINE: 24
----------------------------------------------------------------
MOD: Tweak for OpenCart 2x Russkaya sborka

FILE: admin/view/template/common/header.tpl
CODE: <?php foreach ($links as $link) { ?>
LINE: 33
CODE: <li><a href="http://www.opencart.com" target="_blank"><?php echo $text_homepage; ?></a></li>
LINE: 81
CODE: <li><a href="http://docs.opencart.com" target="_blank"><?php echo $text_documentation; ?></a></li>
LINE: 84
CODE: <li><a href="http://forum.opencart.com" target="_blank"><?php echo $text_support; ?></a></li>
LINE: 87

FILE: admin/view/template/catalog/product_form.tpl
CODE: <label class="col-sm-2 control-label" for="input-sku"><span data-toggle="tooltip" title="<?php echo $help_sku; ?>"><?php echo $entry_sku; ?></span></label>
LINE: 109
CODE: <label class="col-sm-2 control-label" for="input-sku">
LINE: 115
CODE: <label class="col-sm-2 control-label" for="input-location"><?php echo $entry_location; ?></label>
LINE: 155
CODE: <input type="text" name="model" value="<?php echo $model; ?>" placeholder="<?php echo $entry_model; ?>" id="input-model" class="form-control" />
LINE: 101

FILE: admin/view/template/tool/backup.tpl
CODE: <input type="file" name="import" id="input-import" />
LINE: 36

FILE: admin/controller/common/filemanager.php
CODE: $this->load->language('common/filemanager');
LINE: 13
CODE: // Parent
LINE: 148
CODE: $pagination = new Pagination();
LINE: 209
CODE: $directory = rtrim(DIR_IMAGE . 'catalog/' . str_replace('*', '', $this->request->get['directory']), '/');
LINE: 33
CODE: public function index() {
LINE: 10
CODE: $filename = basename(html_entity_decode($file['name'], ENT_QUOTES, 'UTF-8'));
LINE: 272
CODE: $folder = basename(html_entity_decode($this->request->post['folder'], ENT_QUOTES, 'UTF-8'));
LINE: 352
CODE: $filter_name = rtrim(str_replace('*', '', $this->request->get['filter_name']), '/');
LINE: 31
CODE: if (substr(str_replace('\\', '/', realpath($directory . '/' . $filter_name)), 0, strlen(DIR_IMAGE . 'catalog')) == DIR_IMAGE . 'catalog') {
LINE: 61

FILE: admin/view/template/common/filemanager.tpl
CODE: <?php foreach (array_chunk($images, 4) as $image) { ?>
LINE: 34

FILE: catalog/controller/tool/upload.php
CODE: public function index() {
LINE: 10
CODE: $filename = basename(preg_replace('/[^a-zA-Z0-9\.\-\s+]/', '', html_entity_decode($this->request->files['file']['name'], ENT_QUOTES, 'UTF-8')));
LINE: 17
CODE: <script type="text/javascript" src="view/javascript/summernote/summernote.js"></script>
LINE: 939

FILE: admin/view/template/catalog/information_form.tpl
CODE: <script type="text/javascript" src="view/javascript/summernote/summernote.js"></script>
LINE: 209

FILE: admin/view/template/catalog/category_form.tpl
CODE: <script type="text/javascript" src="view/javascript/summernote/summernote.js"></script>
LINE: 241

FILE: admin/view/template/extension/module/html.tpl
CODE: <script type="text/javascript" src="view/javascript/summernote/summernote.js"></script>
LINE: 80

FILE: admin/view/template/marketing/contact.tpl
CODE: <script type="text/javascript" src="view/javascript/summernote/summernote.js"></script>
LINE: 95

FILE: admin/view/template/extension/extension.tpl
CODE: <?php echo $header; ?><?php echo $column_left; ?>
LINE: 1

FILE: admin/controller/common/column_left.php
CODE: $data['lastname'] = $user_info['lastname'];
LINE: 17
CODE: $data['lastname'] = '';
LINE: 31

FILE: system/library/pagination.php
CODE: $output .= '<li><a href="' . str_replace(array('&amp;page={page}', '&page={page}'), '', $this->url) . '">' . $this->text_first . '</a></li>';
LINE: 35
CODE: $output .= '<li><a href="' . str_replace(array('&amp;page={page}', '&page={page}'), '', $this->url) . '">' . $this->text_prev . '</a></li>';
LINE: 40
CODE: $output .= '<li><a href="' . str_replace(array('&amp;page={page}', '&page={page}'), '', $this->url) . '">' . $i . '</a></li>';
LINE: 72

FILE: catalog/controller/startup/startup.php
CODE: $this->registry->set('openbay', new Openbay($this->registry));
LINE: 196

FILE: catalog/controller/information/contact.php
CODE: $mail->setFrom($this->request->post['email']);
LINE: 20
----------------------------------------------------------------
MOD: Exchange Module for OpenCart 2.3
CODE: if ($this->user->hasPermission('access', 'extension/event')) {
LINE: 204

FILE: catalog/language/ru-ru/checkout/cart.php
CODE: $_['column_price']          = 'Цена за шт.';
LINE: 34
CODE: $_['column_price']          = 'Цена за шт.';
LINE: 34

FILE: catalog/controller/checkout/cart.php
CODE: $data['column_price'] = $this->language->get('column_price');
LINE: 31
CODE: $this->load->model('tool/upload');
LINE: 73
CODE: 'price'     => $price,
LINE: 163
CODE: $this->cart->add($this->request->post['product_id'], $quantity, $option, $recurring_id);
LINE: 343

FILE: catalog/view/theme/default/template/checkout/cart.tpl
CODE: <td class="text-right"><?php echo $column_price; ?></td>
LINE: 46
CODE: <td class="text-right"><?php echo $product['price']; ?></td>
LINE: 82

FILE: system/library/cart/cart.php
CODE: 'price'           => ($price + $option_price),
LINE: 251
CODE: public function add($product_id, $quantity = 1, $option = array(), $recurring_id = 0) {
LINE: 272
CODE: $this->db->query("INSERT " . DB_PREFIX . "cart SET api_id = '" . (isset($this->session->data['api_id']) ? (int)$this->session->data['api_id'] : 0) . "', customer_id = '" . (int)$this->customer->getId() . "', session_id = '" . $this->db->escape($this->session->getId()) . "', product_id = '" . (int)$product_id . "', recurring_id = '" . (int)$recurring_id . "', `option` = '" . $this->db->escape(json_encode($option)) . "', quantity = '" . (int)$quantity . "', date_added = NOW()");
LINE: 276

FILE: catalog/language/ru-ru/checkout/checkout.php
CODE: $_['column_price']                   = 'Цена';
LINE: 47
CODE: $_['column_price']          = 'Цена за шт.';
NOT FOUND - OPERATIONS ABORTED!

FILE: catalog/controller/checkout/confirm.php
CODE: $data['column_price'] = $this->language->get('column_price');
LINE: 336
CODE: $order_data['products'] = array();
LINE: 211
CODE: price'      => $this->currency->format($this->tax->calculate($product['price'], $product['tax_class_id'], $this->config->get('config_tax')), $this->session->data['currency']),
LINE: 398
CODE: 'price'      => $product['price'],
LINE: 237

FILE: catalog/view/theme/default/template/checkout/confirm.tpl
CODE: <td class="text-right"><?php echo $column_price; ?></td>
LINE: 9
CODE: <td class="text-right"><?php echo $product['price']; ?></td>
LINE: 28
CODE: <td class="text-right"><?php echo $voucher['amount']; ?></td>
LINE: 39
CODE: <td colspan="4" class="text-right"><strong><?php echo $total['title']; ?>:</strong></td>
LINE: 46

FILE: catalog/controller/account/order.php
CODE: $data['column_price'] = $this->language->get('column_price');
LINE: 169
CODE: $this->load->model('tool/upload');
LINE: 279
CODE: $data['products'][] = array(
LINE: 319

FILE: catalog/model/checkout/order.php
CODE: public function addOrder($data) {
LINE: 11
CODE: $this->db->query("INSERT INTO " . DB_PREFIX . "order_product SET order_id = '" . (int)$order_id . "', product_id = '" . (int)$product['product_id'] . "', name = '" . $this->db->escape($product['name']) . "', model = '" . $this->db->escape($product['model']) . "', quantity = '" . (int)$product['quantity'] . "', price = '" . (float)$product['price'] . "', total = '" . (float)$product['total'] . "', tax = '" . (float)$product['tax'] . "', reward = '" . (int)$product['reward'] . "'");
LINE: 19
LINE: 67

FILE: catalog/view/theme/default/template/account/order_info.tpl
CODE: <td class="text-right"><?php echo $column_price; ?></td>
LINE: 75
CODE: <td class="text-right"><?php echo $product['price']; ?></td>
LINE: 93
CODE: <td class="text-right"><?php echo $voucher['amount']; ?></td>
LINE: 108
CODE: <td colspan="3"></td>
LINE: 118
CODE: <td class="text-right"><b><?php echo $total['title']; ?></b></td>
LINE: 119

FILE: catalog/language/ru-ru/account/order.php
CODE: $_['column_price']          = 'Цена';
LINE: 29

FILE: catalog/controller/product/product.php
CODE: if ($product_info['quantity'] <= 0) {
LINE: 372
CODE: $product_option_value_data[] = array(
LINE: 459
CODE: 'product_option_value_id' => $option_value['product_option_value_id'],
LINE: 464

FILE: catalog/model/catalog/product.php
CODE: public function getTotalProductSpecials() {
LINE: 545

FILE: admin/model/sale/order.php
CODE: 'order_id'                => $order_query->row['order_id'],
LINE: 101

FILE: catalog/view/theme/default/template/product/product.tpl
CODE: <li><?php echo $text_stock; ?> <?php echo $stock; ?></li>
LINE: 134
CODE: <h2><?php echo $price; ?></h2>
LINE: 140
CODE: <li><?php echo $text_tax; ?> <?php echo $tax; ?></li>
LINE: 149
CODE: <li><?php echo $text_points; ?> <?php echo $points; ?></li>
LINE: 152
CODE: <option value="<?php echo $option_value['product_option_value_id']; ?>">
LINE: 175
CODE: <input type="radio" name="option[<?php echo $option['product_option_id']; ?>]"
LINE: 191
CODE: <input type="checkbox" name="option[<?php echo $option['product_option_id']; ?>][]"
LINE: 212
CODE: <input type="hidden" name="product_id" value="<?php echo $product_id; ?>" />
LINE: 296
CODE: $(document).ready(function() {
LINE: 1073
CODE: $(document).ready(function() {
LINE: 1101
----------------------------------------------------------------
MOD: Local copy OCMOD

FILE: admin/controller/extension/installer.php
CODE: 'url'  => str_replace('&amp;', '&', $this->url->link('extension/installer/ftp', 'token=' . $this->session->data['token'],
LINE: 131
CODE: public function unzip() {
LINE: 292
----------------------------------------------------------------
